 Process in group number            1
 A PDF is used, so alpha_s(MZ) is going to be modified
 Old value of alpha_s from param_card:   0.11799999999999999     
  ****************************************
 
       NNPDFDriver version 1.0.3
   Grid: NNPDF23_lo_as_0130_qed_mem0.grid
  ****************************************
 New value of alpha_s from PDF nn23lo1:  0.13000000000000000     
 Define smin to   10000.000000000000     
 Define smin to   10000.000000000000     
 Define smin to   10000.000000000000     
 Define smin to   10000.000000000000     
 Define smin to   10000.000000000000     
 Define smin to   10000.000000000000     
 Define smin to   10000.000000000000     
 *****************************************************
 *               MadGraph/MadEvent                   *
 *        --------------------------------           *
 *          http://madgraph.hep.uiuc.edu             *
 *          http://madgraph.phys.ucl.ac.be           *
 *          http://madgraph.roma2.infn.it            *
 *        --------------------------------           *
 *                                                   *
 *          PARAMETER AND COUPLING VALUES            *
 *                                                   *
 *****************************************************

  External Params
  ---------------------------------
  
 aEWM1 =    132.50700000000001     
 mdl_Gf =    1.1663900000000000E-005
 aS =   0.11799999999999999     
 mdl_ymt =    173.00000000000000     
 mdl_ymtau =    1.7769999999999999     
 mdl_MZ =    91.188000000000002     
 mdl_MT =    173.00000000000000     
 mdl_MH =    125.00000000000000     
 mdl_MTA =    1.7769999999999999     
 mdl_WZ =    2.4414039999999999     
 mdl_WW =    2.0476000000000001     
 mdl_WT =    1.4915000000000000     
 mdl_WH =    6.3823389999999999E-003
  Internal Params
  ---------------------------------
  
 mdl_conjg__CKM3x3 =    1.0000000000000000     
 mdl_CKM3x3 =    1.0000000000000000     
 mdl_conjg__CKM1x1 =    1.0000000000000000     
 mdl_complexi =                (0.0000000000000000,1.0000000000000000)
 mdl_MZ__exp__2 =    8315.2513440000002     
 mdl_MZ__exp__4 =    69143404.913893804     
 mdl_sqrt__2 =    1.4142135623730951     
 mdl_MH__exp__2 =    15625.000000000000     
 mdl_aEW =    7.5467711139788835E-003
 mdl_MW =    80.419002445756163     
 mdl_sqrt__aEW =    8.6872153846781555E-002
 mdl_ee =   0.30795376724436879     
 mdl_MW__exp__2 =    6467.2159543705357     
 mdl_sw2 =   0.22224648578577766     
 mdl_cw =   0.88190334743339216     
 mdl_sqrt__sw2 =   0.47143025548407230     
 mdl_sw =   0.47143025548407230     
 mdl_g1 =   0.34919219678733299     
 mdl_gw =   0.65323293034757990     
 mdl_vev =    246.21845810181637     
 mdl_vev__exp__2 =    60623.529110035903     
 mdl_lam =   0.12886910601690263     
 mdl_yt =   0.99366614581500623     
 mdl_ytau =    1.0206617000654717E-002
 mdl_muH =    88.388347648318430     
 mdl_I2x33 =               (0.99366614581500623,0.0000000000000000)
 mdl_I3x33 =               (0.99366614581500623,0.0000000000000000)
 mdl_ee__exp__2 =    9.4835522759998875E-002
 mdl_sw__exp__2 =   0.22224648578577769     
 mdl_cw__exp__2 =   0.77775351421422245     
  Internal Params evaluated point by point
  ----------------------------------------
  
 mdl_sqrt__aS =   0.34351128074635334     
 mdl_G__exp__2 =    1.4828317324943823     
  Couplings of sm-no_b_mass
  ---------------------------------
  
        GC_10 =  -0.12177E+01   0.00000E+00
        GC_11 =   0.00000E+00   0.12177E+01
        GC_12 =   0.00000E+00   0.14828E+01

 Collider parameters:
 --------------------

 Running at P P   machine @    7000.0000000000000       GeV
 PDF set = nn23lo1
 alpha_s(Mz)= 0.1300 running at 2 loops.
 alpha_s(Mz)= 0.1300 running at 2 loops.
 Renormalization scale set on event-by-event basis
 Factorization   scale set on event-by-event basis


 getting user params
Enter number of events and max and min iterations: 
 Number of events and iterations         1000           5           3
Enter desired fractional accuracy: 
 Desired fractional accuracy:   0.10000000000000001     
Enter 0 for fixed, 2 for adjustable grid: 
Suppress amplitude (0 no, 1 yes)? 
 Using suppressed amplitude.
Exact helicity sum (0 yes, n = number/event)? 
 Explicitly summing over helicities
Enter Configuration Number: 
Running Configuration Number:   12
 Not subdividing B.W.
 Attempting mappinvarients           1           5
 Completed mapping           5
 about to integrate            7        1000           5           3           7           1
 Using non-zero grid deformation.
  7 dimensions   1000 events  7 invarients  5 iterations  1 config(s),  (0.99)
 Using h-tuple random number sequence.
 Error opening grid
 Using Uniform Grid!          20
 Using uniform alpha   1.0000000000000000     
 Grid defined OK
 Set CM energy to       7000.00
 Mapping Graph          12  to config          12
Setting grid   1    0.18367E-04   1
Setting grid   2    0.18367E-04   1
 Transforming s_hat 1/s            6   2.0408163265306126E-004   10000.000000000000        48999999.999999993     
  12   1   2   3   4   5   6   7
 Masses: 0.000E+00 0.000E+00 0.000E+00 0.000E+00 0.000E+00
Using random seed offsets    12 :      6
  with seed                   60
 Ranmar initialization seeds       14792        9441
 
 ********************************************
 * You are using the DiscreteSampler module *
 *      part of the MG5_aMC framework       *
 *         Author: Valentin Hirschi         *
 ********************************************
 
  Particle       3       4       5
      Et >    20.0    20.0    20.0
       E >     0.0     0.0     0.0
     Eta <     5.0     5.0     5.0
   xqcut:     30.0    30.0    30.0
d R # 3  >    -0.0     0.0     0.0
d R # 4  >    -0.0    -0.0     0.0
s min # 3>     0.0     0.0     0.0
s min # 4>     0.0     0.0     0.0
xqcutij # 3>     0.0    30.0    30.0
xqcutij # 4>    30.0     0.0    30.0
 alpha_s for scale    39.960607750261183       is   0.15085015216948944     
 Added good helicity            1   1.8717838913132553E-002  in event            1 local:           1
 Added good helicity            4   2.1719053383123361       in event            1 local:           1
 Added good helicity            5   1.8197893488893370E-002  in event            1 local:           1
 Added good helicity            8   2.4539213087771579       in event            1 local:           1
 Added good helicity           11  0.73834549985579079       in event            1 local:           1
 Added good helicity           15   10.598912120652690       in event            1 local:           1
 Added good helicity           18   10.598912120652690       in event            1 local:           1
 Added good helicity           22  0.73834549985579079       in event            1 local:           1
 Added good helicity           25   2.4539213087771579       in event            1 local:           1
 Added good helicity           28   1.8197893488893370E-002  in event            1 local:           1
 Added good helicity           29   2.1719053383123361       in event            1 local:           1
 Added good helicity           32   1.8717838913132553E-002  in event            1 local:           1
 Added good helicity            1   1.8717838913132549E-002  in event            1 local:           1
 Added good helicity            4   2.1719053383123370       in event            1 local:           1
 Added good helicity            5   1.8197893488893356E-002  in event            1 local:           1
 Added good helicity            8   2.4539213087771579       in event            1 local:           1
 Added good helicity           11  0.73834549985579112       in event            1 local:           1
 Added good helicity           15   10.598912120652686       in event            1 local:           1
 Added good helicity           18   10.598912120652686       in event            1 local:           1
 Added good helicity           22  0.73834549985579112       in event            1 local:           1
 Added good helicity           25   2.4539213087771579       in event            1 local:           1
 Added good helicity           28   1.8197893488893356E-002  in event            1 local:           1
 Added good helicity           29   2.1719053383123370       in event            1 local:           1
 Added good helicity           32   1.8717838913132549E-002  in event            1 local:           1
 RESET CUMULATIVE VARIABLE
 RESET CUMULATIVE VARIABLE
 RESET CUMULATIVE VARIABLE
 Iteration  1   Mean: 0.6581E+03 Abs mean: 0.6581E+03   Fluctuation:  0.383E+02   0.106E+05    14.1%
  1    0.6581E+03 0.6581E+03 +- 0.3828E+02      1.84
 Writing out events  0.93495325036715882        1.8393459977455524     
 Relative summed weights:
  0.0000E+00  0.0000E+00  0.1396E+00  0.9320E-01  0.0000E+00  0.0000E+00  0.0000E+00  0.0000E+00  0.4182E+00  0.3490E+00  0.0000E+00  0.0000E+00  0.0000E+00  0.0000E+00
 Relative number of events:
  0.0000E+00  0.0000E+00  0.3736E-01  0.2360E-01  0.0000E+00  0.0000E+00  0.0000E+00  0.0000E+00  0.4739E+00  0.4651E+00  0.0000E+00  0.0000E+00  0.0000E+00  0.0000E+00
 Events:
           0           0          38          24           0           0           0           0         482         473           0           0           0           0
 Iteration  2   Mean: 0.6772E+03 Abs mean: 0.6772E+03   Fluctuation:  0.258E+02   0.204E+05    22.7%
  2    0.6772E+03 0.6772E+03 +- 0.2585E+02      1.71
 Relative summed weights:
  0.0000E+00  0.0000E+00  0.8812E-01  0.9644E-01  0.0000E+00  0.0000E+00  0.0000E+00  0.0000E+00  0.4229E+00  0.3925E+00  0.0000E+00  0.0000E+00  0.0000E+00  0.0000E+00
 Relative number of events:
  0.0000E+00  0.0000E+00  0.1850E-01  0.2200E-01  0.0000E+00  0.0000E+00  0.0000E+00  0.0000E+00  0.4855E+00  0.4740E+00  0.0000E+00  0.0000E+00  0.0000E+00  0.0000E+00
 Events:
           0           0          37          44           0           0           0           0         971         948           0           0           0           0
 Iteration  3   Mean: 0.6760E+03 Abs mean: 0.6760E+03   Fluctuation:  0.158E+02   0.965E+04    25.1%
  3    0.6760E+03 0.6760E+03 +- 0.1585E+02      1.48
 Relative summed weights:
  0.0000E+00  0.0000E+00  0.9937E-01  0.1295E+00  0.0000E+00  0.0000E+00  0.0000E+00  0.0000E+00  0.3754E+00  0.3957E+00  0.0000E+00  0.0000E+00  0.0000E+00  0.0000E+00
 Relative number of events:
  0.0000E+00  0.0000E+00  0.2225E-01  0.3050E-01  0.0000E+00  0.0000E+00  0.0000E+00  0.0000E+00  0.4615E+00  0.4858E+00  0.0000E+00  0.0000E+00  0.0000E+00  0.0000E+00
 Events:
           0           0          89         122           0           0           0           0        1846        1943           0           0           0           0
 Accuracy:    0.006   0.100   0.019   0.097
 Finished due to accuracy    5.8751651348283957E-003  0.10000000000000001     

 -------------------------------------------------------------------------------
 Accumulated results:   Integral =  0.6744E+03
                        Std dev  =  0.1274E+02
                       Cross sec =  0.6744E+03
             Chi**2 per DoF.     =      0.0967
 -------------------------------------------------------------------------------
 Found         1365  events.
 Wrote          494  events.
 Actual xsec    674.38291248418591     
 Correct abs xsec    674.38291248418591     
 Event xsec    674.38291248418818     
 Events wgts > 1:           15
 % Cross section > 1:    6.1967929431599709       0.91888344565747915     
-------------------------------------------------
---------------------------
 Results Last   3 iters: Integral =   0.6744E+03
                     Abs integral =   0.6744E+03
                          Std dev =   0.1274E+02
                  Chi**2 per DoF. =      0.1009
-------------------------------------------------
---------------------------
 Status  0.10000000000000001                4           5

ls status:
events.lhe
ftn26
input_app.txt
results.dat
run1_app.log
run_01_0_log.txt
run_02_0_log.txt
run_03_0_log.txt
run_04_0_log.txt
