 Process in group number            1
 A PDF is used, so alpha_s(MZ) is going to be modified
 Old value of alpha_s from param_card:   0.11799999999999999     
  ****************************************
 
       NNPDFDriver version 1.0.3
   Grid: NNPDF23_lo_as_0130_qed_mem0.grid
  ****************************************
 New value of alpha_s from PDF nn23lo1:  0.13000000000000000     
 Define smin to   10000.000000000000     
 Define smin to   10000.000000000000     
 Define smin to   10000.000000000000     
 Define smin to   10000.000000000000     
 *****************************************************
 *               MadGraph/MadEvent                   *
 *        --------------------------------           *
 *          http://madgraph.hep.uiuc.edu             *
 *          http://madgraph.phys.ucl.ac.be           *
 *          http://madgraph.roma2.infn.it            *
 *        --------------------------------           *
 *                                                   *
 *          PARAMETER AND COUPLING VALUES            *
 *                                                   *
 *****************************************************

  External Params
  ---------------------------------
  
 aEWM1 =    132.50700000000001     
 mdl_Gf =    1.1663900000000000E-005
 aS =   0.11799999999999999     
 mdl_ymt =    173.00000000000000     
 mdl_ymtau =    1.7769999999999999     
 mdl_MZ =    91.188000000000002     
 mdl_MT =    173.00000000000000     
 mdl_MH =    125.00000000000000     
 mdl_MTA =    1.7769999999999999     
 mdl_WZ =    2.4414039999999999     
 mdl_WW =    2.0476000000000001     
 mdl_WT =    1.4915000000000000     
 mdl_WH =    6.3823389999999999E-003
  Internal Params
  ---------------------------------
  
 mdl_conjg__CKM3x3 =    1.0000000000000000     
 mdl_CKM3x3 =    1.0000000000000000     
 mdl_conjg__CKM1x1 =    1.0000000000000000     
 mdl_complexi =                (0.0000000000000000,1.0000000000000000)
 mdl_MZ__exp__2 =    8315.2513440000002     
 mdl_MZ__exp__4 =    69143404.913893804     
 mdl_sqrt__2 =    1.4142135623730951     
 mdl_MH__exp__2 =    15625.000000000000     
 mdl_aEW =    7.5467711139788835E-003
 mdl_MW =    80.419002445756163     
 mdl_sqrt__aEW =    8.6872153846781555E-002
 mdl_ee =   0.30795376724436879     
 mdl_MW__exp__2 =    6467.2159543705357     
 mdl_sw2 =   0.22224648578577766     
 mdl_cw =   0.88190334743339216     
 mdl_sqrt__sw2 =   0.47143025548407230     
 mdl_sw =   0.47143025548407230     
 mdl_g1 =   0.34919219678733299     
 mdl_gw =   0.65323293034757990     
 mdl_vev =    246.21845810181637     
 mdl_vev__exp__2 =    60623.529110035903     
 mdl_lam =   0.12886910601690263     
 mdl_yt =   0.99366614581500623     
 mdl_ytau =    1.0206617000654717E-002
 mdl_muH =    88.388347648318430     
 mdl_I2x33 =               (0.99366614581500623,0.0000000000000000)
 mdl_I3x33 =               (0.99366614581500623,0.0000000000000000)
 mdl_ee__exp__2 =    9.4835522759998875E-002
 mdl_sw__exp__2 =   0.22224648578577769     
 mdl_cw__exp__2 =   0.77775351421422245     
  Internal Params evaluated point by point
  ----------------------------------------
  
 mdl_sqrt__aS =   0.34351128074635334     
 mdl_G__exp__2 =    1.4828317324943823     
  Couplings of sm-no_b_mass
  ---------------------------------
  
        GC_10 =  -0.12177E+01   0.00000E+00
        GC_11 =   0.00000E+00   0.12177E+01
        GC_12 =   0.00000E+00   0.14828E+01

 Collider parameters:
 --------------------

 Running at P P   machine @    7000.0000000000000       GeV
 PDF set = nn23lo1
 alpha_s(Mz)= 0.1300 running at 2 loops.
 alpha_s(Mz)= 0.1300 running at 2 loops.
 Renormalization scale set on event-by-event basis
 Factorization   scale set on event-by-event basis


 getting user params
Enter number of events and max and min iterations: 
 Number of events and iterations         1000           5           3
Enter desired fractional accuracy: 
 Desired fractional accuracy:   0.10000000000000001     
Enter 0 for fixed, 2 for adjustable grid: 
Suppress amplitude (0 no, 1 yes)? 
 Using suppressed amplitude.
Exact helicity sum (0 yes, n = number/event)? 
 Explicitly summing over helicities
Enter Configuration Number: 
Running Configuration Number:    1
 Not subdividing B.W.
 Attempting mappinvarients           1           5
 Completed mapping           5
 about to integrate            7        1000           5           3           7           1
 Using non-zero grid deformation.
  7 dimensions   1000 events  7 invarients  5 iterations  1 config(s),  (0.99)
 Using h-tuple random number sequence.
 Error opening grid
 Using Uniform Grid!          20
 Using uniform alpha   1.0000000000000000     
 Grid defined OK
 Set CM energy to       7000.00
 Mapping Graph           1  to config           1
Setting grid   1    0.18367E-04   1
Setting grid   2    0.18367E-04   1
 Transforming s_hat 1/s            6   2.0408163265306126E-004   10000.000000000000        48999999.999999993     
   1   1   2   3   4   5   6   7
 Masses: 0.000E+00 0.000E+00 0.000E+00 0.000E+00 0.000E+00
Using random seed offsets     1 :      5
  with seed                   60
 Ranmar initialization seeds       14781        9440
 
 ********************************************
 * You are using the DiscreteSampler module *
 *      part of the MG5_aMC framework       *
 *         Author: Valentin Hirschi         *
 ********************************************
 
  Particle       3       4       5
      Et >    20.0    20.0    20.0
       E >     0.0     0.0     0.0
     Eta <     5.0     5.0     5.0
   xqcut:     30.0    30.0    30.0
d R # 3  >    -0.0     0.0     0.0
d R # 4  >    -0.0    -0.0     0.0
s min # 3>     0.0     0.0     0.0
s min # 4>     0.0     0.0     0.0
xqcutij # 3>     0.0    30.0    30.0
xqcutij # 4>    30.0     0.0    30.0
 alpha_s for scale    68.754001327646520       is   0.13643820904509224     
 Added good helicity            3   6.7039998214852208       in event            1 local:           1
 Added good helicity            5  0.59069234487779043       in event            1 local:           1
 Added good helicity            8  0.20234382089013794       in event            1 local:           1
 Added good helicity            9   5.8732834942920782       in event            1 local:           1
 Added good helicity           12  0.31446772216106011       in event            1 local:           1
 Added good helicity           14   2.3152127962937143       in event            1 local:           1
 Added good helicity           19   2.3152127962937143       in event            1 local:           1
 Added good helicity           21  0.31446772216106011       in event            1 local:           1
 Added good helicity           24   5.8732834942920782       in event            1 local:           1
 Added good helicity           25  0.20234382089013794       in event            1 local:           1
 Added good helicity           28  0.59069234487779043       in event            1 local:           1
 Added good helicity           30   6.7039998214852208       in event            1 local:           1
 Added good helicity            3   6.7039998214852208       in event            1 local:           1
 Added good helicity            5  0.59069234487779176       in event            1 local:           1
 Added good helicity            8  0.20234382089013805       in event            1 local:           1
 Added good helicity            9   5.8732834942920764       in event            1 local:           1
 Added good helicity           12  0.31446772216106056       in event            1 local:           1
 Added good helicity           14   2.3152127962937152       in event            1 local:           1
 Added good helicity           19   2.3152127962937152       in event            1 local:           1
 Added good helicity           21  0.31446772216106056       in event            1 local:           1
 Added good helicity           24   5.8732834942920764       in event            1 local:           1
 Added good helicity           25  0.20234382089013805       in event            1 local:           1
 Added good helicity           28  0.59069234487779176       in event            1 local:           1
 Added good helicity           30   6.7039998214852208       in event            1 local:           1
 Added good helicity            2   1.0554036192126970       in event            2 local:           1
 Added good helicity           15   1.9824573229361808       in event            2 local:           1
 Added good helicity           18   1.9824573229361808       in event            2 local:           1
 Added good helicity           31   1.0554036192126970       in event            2 local:           1
 Added good helicity            2   1.0554036192126972       in event            2 local:           1
 Added good helicity           15   1.9824573229361837       in event            2 local:           1
 Added good helicity           18   1.9824573229361837       in event            2 local:           1
 Added good helicity           31   1.0554036192126972       in event            2 local:           1
 RESET CUMULATIVE VARIABLE
 RESET CUMULATIVE VARIABLE
 RESET CUMULATIVE VARIABLE
 Iteration  1   Mean: 0.1831E+04 Abs mean: 0.1831E+04   Fluctuation:  0.194E+03   0.722E+05     8.7%
  1    0.1831E+04 0.1831E+04 +- 0.1942E+03      3.35
 Writing out events   4.2045734742047705        3.3541302269474911     
 Relative summed weights:
  0.4671E-01  0.3140E-01  0.4552E-01  0.2496E-02  0.0000E+00  0.0000E+00  0.1248E+00  0.1485E+00
  0.2225E-01  0.4211E-01  0.0000E+00  0.0000E+00  0.2146E+00  0.3058E+00  0.0000E+00  0.0000E+00
  0.0000E+00  0.0000E+00  0.1414E-03  0.1570E-01  0.0000E+00  0.0000E+00  0.0000E+00  0.0000E+00
 Relative number of events:
  0.3271E-01  0.3568E-01  0.7929E-02  0.1288E-01  0.0000E+00  0.0000E+00  0.1328E+00  0.1358E+00
  0.3766E-01  0.4163E-01  0.0000E+00  0.0000E+00  0.2616E+00  0.2874E+00  0.0000E+00  0.0000E+00
  0.0000E+00  0.0000E+00  0.2973E-02  0.1090E-01  0.0000E+00  0.0000E+00  0.0000E+00  0.0000E+00
 Events:
          33          36           8          13           0           0         134         137
          38          42           0           0         264         290           0           0
           0           0           3          11           0           0           0           0
 Iteration  2   Mean: 0.1719E+04 Abs mean: 0.1719E+04   Fluctuation:  0.870E+02   0.645E+05     9.7%
  2    0.1719E+04 0.1719E+04 +- 0.8703E+02      2.26
 Relative summed weights:
  0.3018E-01  0.3989E-01  0.1886E-01  0.2104E-02  0.0000E+00  0.0000E+00  0.9966E-01  0.9078E-01
  0.3555E-01  0.3871E-01  0.0000E+00  0.0000E+00  0.3505E+00  0.2794E+00  0.0000E+00  0.0000E+00
  0.0000E+00  0.0000E+00  0.8025E-02  0.6409E-02  0.0000E+00  0.0000E+00  0.0000E+00  0.0000E+00
 Relative number of events:
  0.3450E-01  0.4350E-01  0.8500E-02  0.7500E-02  0.0000E+00  0.0000E+00  0.1360E+00  0.1370E+00
  0.3200E-01  0.4450E-01  0.0000E+00  0.0000E+00  0.2765E+00  0.2570E+00  0.0000E+00  0.0000E+00
  0.0000E+00  0.0000E+00  0.1100E-01  0.1200E-01  0.0000E+00  0.0000E+00  0.0000E+00  0.0000E+00
 Events:
          69          87          17          15           0           0         272         274
          64          89           0           0         553         514           0           0
           0           0          22          24           0           0           0           0
 Iteration  3   Mean: 0.1859E+04 Abs mean: 0.1859E+04   Fluctuation:  0.440E+02   0.215E+05    10.3%
  3    0.1859E+04 0.1859E+04 +- 0.4398E+02      1.50
 Relative summed weights:
  0.3814E-01  0.3084E-01  0.1246E-01  0.9592E-02  0.0000E+00  0.0000E+00  0.9647E-01  0.9408E-01
  0.3696E-01  0.3230E-01  0.0000E+00  0.0000E+00  0.3175E+00  0.3106E+00  0.0000E+00  0.0000E+00
  0.0000E+00  0.0000E+00  0.8905E-02  0.1215E-01  0.0000E+00  0.0000E+00  0.0000E+00  0.0000E+00
 Relative number of events:
  0.3475E-01  0.3625E-01  0.8750E-02  0.7000E-02  0.0000E+00  0.0000E+00  0.1240E+00  0.1140E+00
  0.3750E-01  0.3775E-01  0.0000E+00  0.0000E+00  0.2935E+00  0.2860E+00  0.0000E+00  0.0000E+00
  0.0000E+00  0.0000E+00  0.8750E-02  0.1175E-01  0.0000E+00  0.0000E+00  0.0000E+00  0.0000E+00
 Events:
         139         145          35          28           0           0         496         456
         150         151           0           0        1174        1144           0           0
           0           0          35          47           0           0           0           0
 Accuracy:    0.020   0.100   0.021   0.932
 Finished due to accuracy    2.0285112776749079E-002  0.10000000000000001     

 -------------------------------------------------------------------------------
 Accumulated results:   Integral =  0.1833E+04
                        Std dev  =  0.3852E+02
                       Cross sec =  0.1833E+04
             Chi**2 per DoF.     =      0.9320
 -------------------------------------------------------------------------------
 Found         2449  events.
 Wrote          775  events.
 Actual xsec    1833.3633942147715     
 Correct abs xsec    1833.3633942147715     
 Event xsec    1833.3633942146994     
 Events wgts > 1:           35
 % Cross section > 1:    16.544589327440296       0.90241734833627929     
-------------------------------------------------
---------------------------
 Results Last   3 iters: Integral =   0.1833E+04
                     Abs integral =   0.1833E+04
                          Std dev =   0.3852E+02
                  Chi**2 per DoF. =      1.0329
-------------------------------------------------
---------------------------
 Status  0.10000000000000001                4           5

ls status:
events.lhe
ftn26
input_app.txt
results.dat
run1_app.log
run_01_0_log.txt
run_02_0_log.txt
run_03_0_log.txt
run_04_0_log.txt
