 Process in group number            1
 A PDF is used, so alpha_s(MZ) is going to be modified
 Old value of alpha_s from param_card:   0.11799999999999999     
  ****************************************
 
       NNPDFDriver version 1.0.3
   Grid: NNPDF23_lo_as_0130_qed_mem0.grid
  ****************************************
 New value of alpha_s from PDF nn23lo1:  0.13000000000000000     
 Define smin to   10000.000000000000     
 Define smin to   10000.000000000000     
 *****************************************************
 *               MadGraph/MadEvent                   *
 *        --------------------------------           *
 *          http://madgraph.hep.uiuc.edu             *
 *          http://madgraph.phys.ucl.ac.be           *
 *          http://madgraph.roma2.infn.it            *
 *        --------------------------------           *
 *                                                   *
 *          PARAMETER AND COUPLING VALUES            *
 *                                                   *
 *****************************************************

  External Params
  ---------------------------------
  
 aEWM1 =    132.50700000000001     
 mdl_Gf =    1.1663900000000000E-005
 aS =   0.11799999999999999     
 mdl_ymt =    173.00000000000000     
 mdl_ymtau =    1.7769999999999999     
 mdl_MZ =    91.188000000000002     
 mdl_MT =    173.00000000000000     
 mdl_MH =    125.00000000000000     
 mdl_MTA =    1.7769999999999999     
 mdl_WZ =    2.4414039999999999     
 mdl_WW =    2.0476000000000001     
 mdl_WT =    1.4915000000000000     
 mdl_WH =    6.3823389999999999E-003
  Internal Params
  ---------------------------------
  
 mdl_conjg__CKM3x3 =    1.0000000000000000     
 mdl_CKM3x3 =    1.0000000000000000     
 mdl_conjg__CKM1x1 =    1.0000000000000000     
 mdl_complexi =                (0.0000000000000000,1.0000000000000000)
 mdl_MZ__exp__2 =    8315.2513440000002     
 mdl_MZ__exp__4 =    69143404.913893804     
 mdl_sqrt__2 =    1.4142135623730951     
 mdl_MH__exp__2 =    15625.000000000000     
 mdl_aEW =    7.5467711139788835E-003
 mdl_MW =    80.419002445756163     
 mdl_sqrt__aEW =    8.6872153846781555E-002
 mdl_ee =   0.30795376724436879     
 mdl_MW__exp__2 =    6467.2159543705357     
 mdl_sw2 =   0.22224648578577766     
 mdl_cw =   0.88190334743339216     
 mdl_sqrt__sw2 =   0.47143025548407230     
 mdl_sw =   0.47143025548407230     
 mdl_g1 =   0.34919219678733299     
 mdl_gw =   0.65323293034757990     
 mdl_vev =    246.21845810181637     
 mdl_vev__exp__2 =    60623.529110035903     
 mdl_lam =   0.12886910601690263     
 mdl_yt =   0.99366614581500623     
 mdl_ytau =    1.0206617000654717E-002
 mdl_muH =    88.388347648318430     
 mdl_I2x33 =               (0.99366614581500623,0.0000000000000000)
 mdl_I3x33 =               (0.99366614581500623,0.0000000000000000)
 mdl_ee__exp__2 =    9.4835522759998875E-002
 mdl_sw__exp__2 =   0.22224648578577769     
 mdl_cw__exp__2 =   0.77775351421422245     
  Internal Params evaluated point by point
  ----------------------------------------
  
 mdl_sqrt__aS =   0.34351128074635334     
 mdl_G__exp__2 =    1.4828317324943823     
  Couplings of sm-no_b_mass
  ---------------------------------
  
        GC_10 =  -0.12177E+01   0.00000E+00
        GC_11 =   0.00000E+00   0.12177E+01
        GC_12 =   0.00000E+00   0.14828E+01

 Collider parameters:
 --------------------

 Running at P P   machine @    7000.0000000000000       GeV
 PDF set = nn23lo1
 alpha_s(Mz)= 0.1300 running at 2 loops.
 alpha_s(Mz)= 0.1300 running at 2 loops.
 Renormalization scale set on event-by-event basis
 Factorization   scale set on event-by-event basis


 getting user params
Enter number of events and max and min iterations: 
 Number of events and iterations         1000           5           3
Enter desired fractional accuracy: 
 Desired fractional accuracy:   0.10000000000000001     
Enter 0 for fixed, 2 for adjustable grid: 
Suppress amplitude (0 no, 1 yes)? 
 Using suppressed amplitude.
Exact helicity sum (0 yes, n = number/event)? 
 Explicitly summing over helicities
Enter Configuration Number: 
Running Configuration Number:    3
 Not subdividing B.W.
 Attempting mappinvarients           1           5
 Completed mapping           5
 about to integrate            7        1000           5           3           7           1
 Using non-zero grid deformation.
  7 dimensions   1000 events  7 invarients  5 iterations  1 config(s),  (0.99)
 Using h-tuple random number sequence.
 Error opening grid
 Using Uniform Grid!          20
 Using uniform alpha   1.0000000000000000     
 Grid defined OK
 Set CM energy to       7000.00
 Mapping Graph           3  to config           3
Setting grid   1    0.18367E-04   1
Setting grid   2    0.18367E-04   1
 Transforming s_hat 1/s            6   2.0408163265306126E-004   10000.000000000000        48999999.999999993     
   3   1   2   3   4   5   6   7
 Masses: 0.000E+00 0.000E+00 0.000E+00 0.000E+00 0.000E+00
Using random seed offsets     3 :      3
  with seed                   60
 Ranmar initialization seeds       14783        9438
 
 ********************************************
 * You are using the DiscreteSampler module *
 *      part of the MG5_aMC framework       *
 *         Author: Valentin Hirschi         *
 ********************************************
 
  Particle       3       4       5
      Et >    20.0    20.0    20.0
       E >     0.0     0.0     0.0
     Eta <     5.0     5.0     5.0
   xqcut:     30.0    30.0    30.0
d R # 3  >    -0.0     0.0     0.0
d R # 4  >    -0.0    -0.0     0.0
s min # 3>     0.0     0.0     0.0
s min # 4>     0.0     0.0     0.0
xqcutij # 3>     0.0    30.0    30.0
xqcutij # 4>    30.0     0.0    30.0
 alpha_s for scale    63.157878567444861       is   0.13850378643445088     
 Added good helicity            2   6.3253917983095338       in event            1 local:           1
 Added good helicity            4  0.47769554323980745       in event            1 local:           1
 Added good helicity            6  0.40481486095000474       in event            1 local:           1
 Added good helicity            9   7.8846591722663906       in event            1 local:           1
 Added good helicity           11  0.54469657700070784       in event            1 local:           1
 Added good helicity           13  0.36274204823355338       in event            1 local:           1
 Added good helicity           20  0.36274204823355338       in event            1 local:           1
 Added good helicity           22  0.54469657700070784       in event            1 local:           1
 Added good helicity           24   7.8846591722663906       in event            1 local:           1
 Added good helicity           27  0.40481486095000474       in event            1 local:           1
 Added good helicity           29  0.47769554323980745       in event            1 local:           1
 Added good helicity           31   6.3253917983095338       in event            1 local:           1
 Added good helicity            2   6.3253917983095320       in event            1 local:           1
 Added good helicity            4  0.47769554323980712       in event            1 local:           1
 Added good helicity            6  0.40481486095000485       in event            1 local:           1
 Added good helicity            9   7.8846591722663932       in event            1 local:           1
 Added good helicity           11  0.54469657700070784       in event            1 local:           1
 Added good helicity           13  0.36274204823355333       in event            1 local:           1
 Added good helicity           20  0.36274204823355333       in event            1 local:           1
 Added good helicity           22  0.54469657700070784       in event            1 local:           1
 Added good helicity           24   7.8846591722663932       in event            1 local:           1
 Added good helicity           27  0.40481486095000485       in event            1 local:           1
 Added good helicity           29  0.47769554323980712       in event            1 local:           1
 Added good helicity           31   6.3253917983095320       in event            1 local:           1
 RESET CUMULATIVE VARIABLE
 RESET CUMULATIVE VARIABLE
 RESET CUMULATIVE VARIABLE
 Iteration  1   Mean: 0.6451E+06 Abs mean: 0.6451E+06   Fluctuation:  0.472E+05   0.186E+08     8.8%
  1    0.6451E+06 0.6451E+06 +- 0.4722E+05      2.32
 Writing out events   1472.3443922211052        2.3150084300601699     
 Relative summed weights:
  0.1474E+00  0.2338E+00  0.3767E-01  0.4196E-01
  0.2205E+00  0.2506E+00  0.3624E-01  0.3184E-01
 Relative number of events:
  0.1556E+00  0.2081E+00  0.7532E-01  0.7136E-01
  0.1764E+00  0.1715E+00  0.7730E-01  0.6442E-01
 Events:
         157         210          76          72
         178         173          78          65
 Iteration  2   Mean: 0.6048E+06 Abs mean: 0.6048E+06   Fluctuation:  0.259E+05   0.132E+08    14.3%
  2    0.6048E+06 0.6048E+06 +- 0.2595E+05      1.92
 Relative summed weights:
  0.1719E+00  0.2283E+00  0.5193E-01  0.3998E-01
  0.2354E+00  0.1711E+00  0.4448E-01  0.5684E-01
 Relative number of events:
  0.1865E+00  0.1880E+00  0.6650E-01  0.6500E-01
  0.2010E+00  0.1685E+00  0.6550E-01  0.5900E-01
 Events:
         373         376         133         130
         402         337         131         118
 Iteration  3   Mean: 0.6460E+06 Abs mean: 0.6460E+06   Fluctuation:  0.177E+05   0.262E+08    17.0%
  3    0.6460E+06 0.6460E+06 +- 0.1766E+05      1.73
 Relative summed weights:
  0.2042E+00  0.1901E+00  0.4852E-01  0.5771E-01
  0.2137E+00  0.1854E+00  0.4546E-01  0.5499E-01
 Relative number of events:
  0.1988E+00  0.1918E+00  0.5450E-01  0.6075E-01
  0.1950E+00  0.1852E+00  0.5600E-01  0.5800E-01
 Events:
         795         767         218         243
         780         741         224         232
 Accuracy:    0.020   0.100   0.022   0.838
 Finished due to accuracy    2.0131260155962404E-002  0.10000000000000001     

 -------------------------------------------------------------------------------
 Accumulated results:   Integral =  0.6351E+06
                        Std dev  =  0.1397E+05
                       Cross sec =  0.6351E+06
             Chi**2 per DoF.     =      0.8381
 -------------------------------------------------------------------------------
 Found         1971  events.
 Wrote          229  events.
 Actual xsec    635089.63030340045     
 Correct abs xsec    635089.63030340045     
 Event xsec    635089.63030340173     
 Events wgts > 1:            5
 % Cross section > 1:    5629.3587257367799       0.88638807140457676     
-------------------------------------------------
---------------------------
 Results Last   3 iters: Integral =   0.6351E+06
                     Abs integral =   0.6351E+06
                          Std dev =   0.1397E+05
                  Chi**2 per DoF. =      0.8942
-------------------------------------------------
---------------------------
 Status  0.10000000000000001                4           5

ls status:
events.lhe
ftn26
input_app.txt
results.dat
run1_app.log
run_01_0_log.txt
run_02_0_log.txt
run_03_0_log.txt
run_04_0_log.txt
