 Process in group number            1
 A PDF is used, so alpha_s(MZ) is going to be modified
 Old value of alpha_s from param_card:   0.11799999999999999     
  ****************************************
 
       NNPDFDriver version 1.0.3
   Grid: NNPDF23_lo_as_0130_qed_mem0.grid
  ****************************************
 New value of alpha_s from PDF nn23lo1:  0.13000000000000000     
 Define smin to   10000.000000000000     
 Define smin to   10000.000000000000     
 Define smin to   10000.000000000000     
 Define smin to   10000.000000000000     
 Define smin to   10000.000000000000     
 Define smin to   10000.000000000000     
 Define smin to   10000.000000000000     
 *****************************************************
 *               MadGraph/MadEvent                   *
 *        --------------------------------           *
 *          http://madgraph.hep.uiuc.edu             *
 *          http://madgraph.phys.ucl.ac.be           *
 *          http://madgraph.roma2.infn.it            *
 *        --------------------------------           *
 *                                                   *
 *          PARAMETER AND COUPLING VALUES            *
 *                                                   *
 *****************************************************

  External Params
  ---------------------------------
  
 aEWM1 =    132.50700000000001     
 mdl_Gf =    1.1663900000000000E-005
 aS =   0.11799999999999999     
 mdl_ymt =    173.00000000000000     
 mdl_ymtau =    1.7769999999999999     
 mdl_MZ =    91.188000000000002     
 mdl_MT =    173.00000000000000     
 mdl_MH =    125.00000000000000     
 mdl_MTA =    1.7769999999999999     
 mdl_WZ =    2.4414039999999999     
 mdl_WW =    2.0476000000000001     
 mdl_WT =    1.4915000000000000     
 mdl_WH =    6.3823389999999999E-003
  Internal Params
  ---------------------------------
  
 mdl_conjg__CKM3x3 =    1.0000000000000000     
 mdl_CKM3x3 =    1.0000000000000000     
 mdl_conjg__CKM1x1 =    1.0000000000000000     
 mdl_complexi =                (0.0000000000000000,1.0000000000000000)
 mdl_MZ__exp__2 =    8315.2513440000002     
 mdl_MZ__exp__4 =    69143404.913893804     
 mdl_sqrt__2 =    1.4142135623730951     
 mdl_MH__exp__2 =    15625.000000000000     
 mdl_aEW =    7.5467711139788835E-003
 mdl_MW =    80.419002445756163     
 mdl_sqrt__aEW =    8.6872153846781555E-002
 mdl_ee =   0.30795376724436879     
 mdl_MW__exp__2 =    6467.2159543705357     
 mdl_sw2 =   0.22224648578577766     
 mdl_cw =   0.88190334743339216     
 mdl_sqrt__sw2 =   0.47143025548407230     
 mdl_sw =   0.47143025548407230     
 mdl_g1 =   0.34919219678733299     
 mdl_gw =   0.65323293034757990     
 mdl_vev =    246.21845810181637     
 mdl_vev__exp__2 =    60623.529110035903     
 mdl_lam =   0.12886910601690263     
 mdl_yt =   0.99366614581500623     
 mdl_ytau =    1.0206617000654717E-002
 mdl_muH =    88.388347648318430     
 mdl_I2x33 =               (0.99366614581500623,0.0000000000000000)
 mdl_I3x33 =               (0.99366614581500623,0.0000000000000000)
 mdl_ee__exp__2 =    9.4835522759998875E-002
 mdl_sw__exp__2 =   0.22224648578577769     
 mdl_cw__exp__2 =   0.77775351421422245     
  Internal Params evaluated point by point
  ----------------------------------------
  
 mdl_sqrt__aS =   0.34351128074635334     
 mdl_G__exp__2 =    1.4828317324943823     
  Couplings of sm-no_b_mass
  ---------------------------------
  
        GC_10 =  -0.12177E+01   0.00000E+00
        GC_11 =   0.00000E+00   0.12177E+01
        GC_12 =   0.00000E+00   0.14828E+01

 Collider parameters:
 --------------------

 Running at P P   machine @    7000.0000000000000       GeV
 PDF set = nn23lo1
 alpha_s(Mz)= 0.1300 running at 2 loops.
 alpha_s(Mz)= 0.1300 running at 2 loops.
 Renormalization scale set on event-by-event basis
 Factorization   scale set on event-by-event basis


 getting user params
Enter number of events and max and min iterations: 
 Number of events and iterations         1000           5           3
Enter desired fractional accuracy: 
 Desired fractional accuracy:   0.10000000000000001     
Enter 0 for fixed, 2 for adjustable grid: 
Suppress amplitude (0 no, 1 yes)? 
 Using suppressed amplitude.
Exact helicity sum (0 yes, n = number/event)? 
 Explicitly summing over helicities
Enter Configuration Number: 
Running Configuration Number:    3
 Not subdividing B.W.
 Attempting mappinvarients           1           5
 Completed mapping           5
 about to integrate            7        1000           5           3           7           1
 Using non-zero grid deformation.
  7 dimensions   1000 events  7 invarients  5 iterations  1 config(s),  (0.99)
 Using h-tuple random number sequence.
 Error opening grid
 Using Uniform Grid!          20
 Using uniform alpha   1.0000000000000000     
 Grid defined OK
 Set CM energy to       7000.00
 Mapping Graph           3  to config           3
Setting grid   1    0.18367E-04   1
Setting grid   2    0.18367E-04   1
 Transforming s_hat 1/s            6   2.0408163265306126E-004   10000.000000000000        48999999.999999993     
   3   1   2   3   4   5   6   7
 Masses: 0.000E+00 0.000E+00 0.000E+00 0.000E+00 0.000E+00
Using random seed offsets     3 :      6
  with seed                   60
 Ranmar initialization seeds       14783        9441
 
 ********************************************
 * You are using the DiscreteSampler module *
 *      part of the MG5_aMC framework       *
 *         Author: Valentin Hirschi         *
 ********************************************
 
  Particle       3       4       5
      Et >    20.0    20.0    20.0
       E >     0.0     0.0     0.0
     Eta <     5.0     5.0     5.0
   xqcut:     30.0    30.0    30.0
d R # 3  >    -0.0     0.0     0.0
d R # 4  >    -0.0    -0.0     0.0
s min # 3>     0.0     0.0     0.0
s min # 4>     0.0     0.0     0.0
xqcutij # 3>     0.0    30.0    30.0
xqcutij # 4>    30.0     0.0    30.0
 alpha_s for scale    69.640163470566620       is   0.13613209548738334     
 Added good helicity            4   1.6649637935979864       in event            1 local:           1
 Added good helicity            8   7.7776381293292021       in event            1 local:           1
 Added good helicity           10   5.3144705455280397       in event            1 local:           1
 Added good helicity           11   1.8254905915132114E-002  in event            1 local:           1
 Added good helicity           14   1.1922796537027838       in event            1 local:           1
 Added good helicity           15   3.2392971926854044E-002  in event            1 local:           1
 Added good helicity           18   3.2392971926854044E-002  in event            1 local:           1
 Added good helicity           19   1.1922796537027838       in event            1 local:           1
 Added good helicity           22   1.8254905915132114E-002  in event            1 local:           1
 Added good helicity           23   5.3144705455280397       in event            1 local:           1
 Added good helicity           25   7.7776381293292021       in event            1 local:           1
 Added good helicity           29   1.6649637935979864       in event            1 local:           1
 Added good helicity            1   7.3242472112398120E-003  in event            4 local:           1
 Added good helicity            5   1.2996732790737753E-002  in event            4 local:           1
 Added good helicity           28   1.2996732790737753E-002  in event            4 local:           1
 Added good helicity           32   7.3242472112398120E-003  in event            4 local:           1
 Added good helicity            1   7.3242472112398102E-003  in event            1 local:           1
 Added good helicity            4   5.3327046534219047       in event            1 local:           1
 Added good helicity            5   1.2996732790737733E-002  in event            1 local:           1
 Added good helicity            8   1.1963704009670755       in event            1 local:           1
 Added good helicity           11   1.6663747512396256       in event            1 local:           1
 Added good helicity           15   7.7842292143694163       in event            1 local:           1
 Added good helicity           18   7.7842292143694163       in event            1 local:           1
 Added good helicity           22   1.6663747512396256       in event            1 local:           1
 Added good helicity           25   1.1963704009670755       in event            1 local:           1
 Added good helicity           28   1.2996732790737733E-002  in event            1 local:           1
 Added good helicity           29   5.3327046534219047       in event            1 local:           1
 Added good helicity           32   7.3242472112398102E-003  in event            1 local:           1
 RESET CUMULATIVE VARIABLE
 RESET CUMULATIVE VARIABLE
 RESET CUMULATIVE VARIABLE
 Iteration  1   Mean: 0.4795E+05 Abs mean: 0.4795E+05   Fluctuation:  0.537E+04   0.280E+07     8.8%
  1    0.4795E+05 0.4795E+05 +- 0.5368E+04      3.54
 Writing out events   109.29694201278100        3.5404245741778122     
 Relative summed weights:
  0.6474E-01  0.0000E+00  0.0000E+00  0.0000E+00  0.4466E-03  0.0000E+00  0.0000E+00  0.0000E+00  0.0000E+00  0.0000E+00  0.0000E+00  0.0000E+00  0.0000E+00  0.0000E+00
  0.8969E-01  0.0000E+00  0.1146E+00  0.8734E-01  0.2230E-02  0.0000E+00  0.1811E+00  0.1559E+00  0.0000E+00  0.0000E+00  0.1082E+00  0.1488E+00  0.3162E-01  0.1532E-01
 Relative number of events:
  0.9713E-01  0.0000E+00  0.0000E+00  0.0000E+00  0.3964E-02  0.0000E+00  0.0000E+00  0.0000E+00  0.0000E+00  0.0000E+00  0.0000E+00  0.0000E+00  0.0000E+00  0.0000E+00
  0.7136E-01  0.0000E+00  0.4955E-01  0.5748E-01  0.1288E-01  0.0000E+00  0.1635E+00  0.1576E+00  0.0000E+00  0.0000E+00  0.1675E+00  0.1665E+00  0.2379E-01  0.2874E-01
 Events:
          98           0           0           0           4           0           0           0           0           0           0           0           0           0
          72           0          50          58          13           0         165         159           0           0         169         168          24          29
 Iteration  2   Mean: 0.5981E+05 Abs mean: 0.5981E+05   Fluctuation:  0.494E+04   0.701E+07    17.3%
  2    0.5981E+05 0.5981E+05 +- 0.4939E+04      3.69
 Relative summed weights:
  0.1706E+00  0.0000E+00  0.0000E+00  0.0000E+00  0.4049E-02  0.0000E+00  0.0000E+00  0.0000E+00  0.0000E+00  0.0000E+00  0.0000E+00  0.0000E+00  0.0000E+00  0.0000E+00
  0.1257E+00  0.0000E+00  0.5600E-01  0.5517E-01  0.1243E-02  0.0000E+00  0.1351E+00  0.1527E+00  0.0000E+00  0.0000E+00  0.1199E+00  0.1518E+00  0.1781E-01  0.9840E-02
 Relative number of events:
  0.9350E-01  0.0000E+00  0.0000E+00  0.0000E+00  0.6000E-02  0.0000E+00  0.0000E+00  0.0000E+00  0.0000E+00  0.0000E+00  0.0000E+00  0.0000E+00  0.0000E+00  0.0000E+00
  0.8550E-01  0.0000E+00  0.5650E-01  0.5700E-01  0.4500E-02  0.0000E+00  0.1700E+00  0.1600E+00  0.0000E+00  0.0000E+00  0.1540E+00  0.1560E+00  0.2700E-01  0.3000E-01
 Events:
         187           0           0           0          12           0           0           0           0           0           0           0           0           0
         171           0         113         114           9           0         340         320           0           0         308         312          54          60
 Iteration  3   Mean: 0.5330E+05 Abs mean: 0.5330E+05   Fluctuation:  0.134E+04   0.883E+06    18.4%
  3    0.5330E+05 0.5330E+05 +- 0.1336E+04      1.59
 Relative summed weights:
  0.1024E+00  0.0000E+00  0.0000E+00  0.0000E+00  0.5544E-02  0.0000E+00  0.0000E+00  0.0000E+00  0.0000E+00  0.0000E+00  0.0000E+00  0.0000E+00  0.0000E+00  0.0000E+00
  0.1004E+00  0.0000E+00  0.6611E-01  0.5997E-01  0.3153E-02  0.0000E+00  0.1671E+00  0.1515E+00  0.0000E+00  0.0000E+00  0.1542E+00  0.1373E+00  0.1984E-01  0.3257E-01
 Relative number of events:
  0.9352E-01  0.0000E+00  0.0000E+00  0.0000E+00  0.8252E-02  0.0000E+00  0.0000E+00  0.0000E+00  0.0000E+00  0.0000E+00  0.0000E+00  0.0000E+00  0.0000E+00  0.0000E+00
  0.8702E-01  0.0000E+00  0.6177E-01  0.6427E-01  0.5751E-02  0.0000E+00  0.1643E+00  0.1625E+00  0.0000E+00  0.0000E+00  0.1485E+00  0.1503E+00  0.2351E-01  0.3026E-01
 Events:
         374           0           0           0          33           0           0           0           0           0           0           0           0           0
         348           0         247         257          23           0         657         650           0           0         594         601          94         121
 Accuracy:    0.028   0.100   0.023   1.453
 Finished due to accuracy    2.8274878011453661E-002  0.10000000000000001     

 -------------------------------------------------------------------------------
 Accumulated results:   Integral =  0.5359E+05
                        Std dev  =  0.1257E+04
                       Cross sec =  0.5359E+05
             Chi**2 per DoF.     =      1.4525
 -------------------------------------------------------------------------------
 Found         1553  events.
 Wrote          514  events.
 Actual xsec    53586.664166657938     
 Correct abs xsec    53586.664701133785     
 Event xsec    53586.664701134228     
 Events wgts > 1:           12
 % Cross section > 1:    506.45297524646264       0.94511009048813388     
-------------------------------------------------
---------------------------
 Results Last   3 iters: Integral =   0.5359E+05
                     Abs integral =   0.5359E+05
                          Std dev =   0.1257E+04
                  Chi**2 per DoF. =      1.3679
-------------------------------------------------
---------------------------
 Status  0.10000000000000001                4           5

ls status:
events.lhe
ftn26
input_app.txt
results.dat
run1_app.log
run_01_0_log.txt
run_02_0_log.txt
run_03_0_log.txt
run_04_0_log.txt
