 Process in group number            1
 A PDF is used, so alpha_s(MZ) is going to be modified
 Old value of alpha_s from param_card:   0.11799999999999999     
  ****************************************
 
       NNPDFDriver version 1.0.3
   Grid: NNPDF23_lo_as_0130_qed_mem0.grid
  ****************************************
 New value of alpha_s from PDF nn23lo1:  0.13000000000000000     
 Define smin to   10000.000000000000     
 Define smin to   10000.000000000000     
 *****************************************************
 *               MadGraph/MadEvent                   *
 *        --------------------------------           *
 *          http://madgraph.hep.uiuc.edu             *
 *          http://madgraph.phys.ucl.ac.be           *
 *          http://madgraph.roma2.infn.it            *
 *        --------------------------------           *
 *                                                   *
 *          PARAMETER AND COUPLING VALUES            *
 *                                                   *
 *****************************************************

  External Params
  ---------------------------------
  
 aEWM1 =    132.50700000000001     
 mdl_Gf =    1.1663900000000000E-005
 aS =   0.11799999999999999     
 mdl_ymt =    173.00000000000000     
 mdl_ymtau =    1.7769999999999999     
 mdl_MZ =    91.188000000000002     
 mdl_MT =    173.00000000000000     
 mdl_MH =    125.00000000000000     
 mdl_MTA =    1.7769999999999999     
 mdl_WZ =    2.4414039999999999     
 mdl_WW =    2.0476000000000001     
 mdl_WT =    1.4915000000000000     
 mdl_WH =    6.3823389999999999E-003
  Internal Params
  ---------------------------------
  
 mdl_conjg__CKM3x3 =    1.0000000000000000     
 mdl_CKM3x3 =    1.0000000000000000     
 mdl_conjg__CKM1x1 =    1.0000000000000000     
 mdl_complexi =                (0.0000000000000000,1.0000000000000000)
 mdl_MZ__exp__2 =    8315.2513440000002     
 mdl_MZ__exp__4 =    69143404.913893804     
 mdl_sqrt__2 =    1.4142135623730951     
 mdl_MH__exp__2 =    15625.000000000000     
 mdl_aEW =    7.5467711139788835E-003
 mdl_MW =    80.419002445756163     
 mdl_sqrt__aEW =    8.6872153846781555E-002
 mdl_ee =   0.30795376724436879     
 mdl_MW__exp__2 =    6467.2159543705357     
 mdl_sw2 =   0.22224648578577766     
 mdl_cw =   0.88190334743339216     
 mdl_sqrt__sw2 =   0.47143025548407230     
 mdl_sw =   0.47143025548407230     
 mdl_g1 =   0.34919219678733299     
 mdl_gw =   0.65323293034757990     
 mdl_vev =    246.21845810181637     
 mdl_vev__exp__2 =    60623.529110035903     
 mdl_lam =   0.12886910601690263     
 mdl_yt =   0.99366614581500623     
 mdl_ytau =    1.0206617000654717E-002
 mdl_muH =    88.388347648318430     
 mdl_I2x33 =               (0.99366614581500623,0.0000000000000000)
 mdl_I3x33 =               (0.99366614581500623,0.0000000000000000)
 mdl_ee__exp__2 =    9.4835522759998875E-002
 mdl_sw__exp__2 =   0.22224648578577769     
 mdl_cw__exp__2 =   0.77775351421422245     
  Internal Params evaluated point by point
  ----------------------------------------
  
 mdl_sqrt__aS =   0.34351128074635334     
 mdl_G__exp__2 =    1.4828317324943823     
  Couplings of sm-no_b_mass
  ---------------------------------
  
        GC_10 =  -0.12177E+01   0.00000E+00
        GC_11 =   0.00000E+00   0.12177E+01
        GC_12 =   0.00000E+00   0.14828E+01

 Collider parameters:
 --------------------

 Running at P P   machine @    7000.0000000000000       GeV
 PDF set = nn23lo1
 alpha_s(Mz)= 0.1300 running at 2 loops.
 alpha_s(Mz)= 0.1300 running at 2 loops.
 Renormalization scale set on event-by-event basis
 Factorization   scale set on event-by-event basis


 getting user params
Enter number of events and max and min iterations: 
 Number of events and iterations         1000           5           3
Enter desired fractional accuracy: 
 Desired fractional accuracy:   0.10000000000000001     
Enter 0 for fixed, 2 for adjustable grid: 
Suppress amplitude (0 no, 1 yes)? 
 Using suppressed amplitude.
Exact helicity sum (0 yes, n = number/event)? 
 Explicitly summing over helicities
Enter Configuration Number: 
Running Configuration Number:   11
 Not subdividing B.W.
 Attempting mappinvarients           1           5
 Completed mapping           5
 about to integrate            7        1000           5           3           7           1
 Using non-zero grid deformation.
  7 dimensions   1000 events  7 invarients  5 iterations  1 config(s),  (0.99)
 Using h-tuple random number sequence.
 Error opening grid
 Using Uniform Grid!          20
 Using uniform alpha   1.0000000000000000     
 Grid defined OK
 Set CM energy to       7000.00
 Mapping Graph          11  to config          11
Setting grid   1    0.18367E-04   1
Setting grid   2    0.18367E-04   1
 Transforming s_hat 1/s            6   2.0408163265306126E-004   10000.000000000000        48999999.999999993     
  11   1   2   3   4   5   6   7
 Masses: 0.000E+00 0.000E+00 0.000E+00 0.000E+00 0.000E+00
Using random seed offsets    11 :      3
  with seed                   60
 Ranmar initialization seeds       14791        9438
 
 ********************************************
 * You are using the DiscreteSampler module *
 *      part of the MG5_aMC framework       *
 *         Author: Valentin Hirschi         *
 ********************************************
 
  Particle       3       4       5
      Et >    20.0    20.0    20.0
       E >     0.0     0.0     0.0
     Eta <     5.0     5.0     5.0
   xqcut:     30.0    30.0    30.0
d R # 3  >    -0.0     0.0     0.0
d R # 4  >    -0.0    -0.0     0.0
s min # 3>     0.0     0.0     0.0
s min # 4>     0.0     0.0     0.0
xqcutij # 3>     0.0    30.0    30.0
xqcutij # 4>    30.0     0.0    30.0
 alpha_s for scale    64.172879588327135       is   0.13811100493634879     
 Added good helicity            2   1.5635723424296553       in event            1 local:           1
 Added good helicity            4  0.53726512847052021       in event            1 local:           1
 Added good helicity            6  0.68216462709296688       in event            1 local:           1
 Added good helicity            9   12.650544873412004       in event            1 local:           1
 Added good helicity           11   2.0375681751675333E-002  in event            1 local:           1
 Added good helicity           13  0.54607734684317810       in event            1 local:           1
 Added good helicity           20  0.54607734684317810       in event            1 local:           1
 Added good helicity           22   2.0375681751675333E-002  in event            1 local:           1
 Added good helicity           24   12.650544873412004       in event            1 local:           1
 Added good helicity           27  0.68216462709296688       in event            1 local:           1
 Added good helicity           29  0.53726512847052021       in event            1 local:           1
 Added good helicity           31   1.5635723424296553       in event            1 local:           1
 Added good helicity            2   1.5635723424296550       in event            1 local:           1
 Added good helicity            4  0.53726512847051955       in event            1 local:           1
 Added good helicity            6  0.68216462709296644       in event            1 local:           1
 Added good helicity            9   12.650544873412006       in event            1 local:           1
 Added good helicity           11   2.0375681751675270E-002  in event            1 local:           1
 Added good helicity           13  0.54607734684317777       in event            1 local:           1
 Added good helicity           20  0.54607734684317777       in event            1 local:           1
 Added good helicity           22   2.0375681751675270E-002  in event            1 local:           1
 Added good helicity           24   12.650544873412006       in event            1 local:           1
 Added good helicity           27  0.68216462709296644       in event            1 local:           1
 Added good helicity           29  0.53726512847051955       in event            1 local:           1
 Added good helicity           31   1.5635723424296550       in event            1 local:           1
 RESET CUMULATIVE VARIABLE
 RESET CUMULATIVE VARIABLE
 RESET CUMULATIVE VARIABLE
 Iteration  1   Mean: 0.2297E+04 Abs mean: 0.2297E+04   Fluctuation:  0.230E+03   0.679E+05     8.3%
  1    0.2297E+04 0.2297E+04 +- 0.2302E+03      3.17
 Writing out events   5.5140891048186669        3.1701790742844573     
 Relative summed weights:
  0.2093E+00  0.1946E+00  0.5577E-01  0.5021E-01
  0.2365E+00  0.1626E+00  0.2877E-01  0.6231E-01
 Relative number of events:
  0.1843E+00  0.1734E+00  0.7929E-01  0.6739E-01
  0.1536E+00  0.1824E+00  0.8424E-01  0.7532E-01
 Events:
         186         175          80          68
         155         184          85          76
 Iteration  2   Mean: 0.2871E+04 Abs mean: 0.2871E+04   Fluctuation:  0.890E+03   0.177E+07    10.4%
  2    0.2871E+04 0.2871E+04 +- 0.8902E+03     13.87
 Relative summed weights:
  0.1167E+00  0.1404E+00  0.4998E-01  0.4537E-01
  0.4449E+00  0.1160E+00  0.3946E-01  0.4723E-01
 Relative number of events:
  0.1705E+00  0.1815E+00  0.7800E-01  0.6750E-01
  0.1785E+00  0.1880E+00  0.6600E-01  0.7000E-01
 Events:
         341         363         156         135
         357         376         132         140
 Iteration  3   Mean: 0.1984E+04 Abs mean: 0.1984E+04   Fluctuation:  0.453E+02   0.154E+05     9.8%
  3    0.1984E+04 0.1984E+04 +- 0.4531E+02      1.44
 Relative summed weights:
  0.1808E+00  0.1841E+00  0.6345E-01  0.5464E-01
  0.2032E+00  0.1858E+00  0.7258E-01  0.5542E-01
 Relative number of events:
  0.1830E+00  0.1792E+00  0.7125E-01  0.6425E-01
  0.1893E+00  0.1832E+00  0.7025E-01  0.5950E-01
 Events:
         732         717         285         257
         757         733         281         238
 Accuracy:    0.032   0.100   0.022   2.125
 Finished due to accuracy    3.2375012565836518E-002  0.10000000000000001     

 -------------------------------------------------------------------------------
 Accumulated results:   Integral =  0.2004E+04
                        Std dev  =  0.4451E+02
                       Cross sec =  0.2004E+04
             Chi**2 per DoF.     =      2.1253
 -------------------------------------------------------------------------------
 Found         2090  events.
 Wrote          770  events.
 Actual xsec    2004.2102650910317     
 Correct abs xsec    2004.2102650910317     
 Event xsec    2004.2102650909742     
 Events wgts > 1:           38
 % Cross section > 1:    18.861633954839213       0.94110055633224965     
-------------------------------------------------
---------------------------
 Results Last   3 iters: Integral =   0.2004E+04
                     Abs integral =   0.2004E+04
                          Std dev =   0.4451E+02
                  Chi**2 per DoF. =      1.3764
-------------------------------------------------
---------------------------
 Status  0.10000000000000001                4           5

ls status:
events.lhe
ftn26
input_app.txt
results.dat
run1_app.log
run_01_0_log.txt
run_02_0_log.txt
run_03_0_log.txt
run_04_0_log.txt
