 Process in group number            1
 A PDF is used, so alpha_s(MZ) is going to be modified
 Old value of alpha_s from param_card:   0.11799999999999999     
  ****************************************
 
       NNPDFDriver version 1.0.3
   Grid: NNPDF23_lo_as_0130_qed_mem0.grid
  ****************************************
 New value of alpha_s from PDF nn23lo1:  0.13000000000000000     
 Define smin to   10000.000000000000     
 Define smin to   10000.000000000000     
 Define smin to   10000.000000000000     
 Define smin to   10000.000000000000     
 Define smin to   10000.000000000000     
 Define smin to   10000.000000000000     
 Define smin to   10000.000000000000     
 *****************************************************
 *               MadGraph/MadEvent                   *
 *        --------------------------------           *
 *          http://madgraph.hep.uiuc.edu             *
 *          http://madgraph.phys.ucl.ac.be           *
 *          http://madgraph.roma2.infn.it            *
 *        --------------------------------           *
 *                                                   *
 *          PARAMETER AND COUPLING VALUES            *
 *                                                   *
 *****************************************************

  External Params
  ---------------------------------
  
 aEWM1 =    132.50700000000001     
 mdl_Gf =    1.1663900000000000E-005
 aS =   0.11799999999999999     
 mdl_ymt =    173.00000000000000     
 mdl_ymtau =    1.7769999999999999     
 mdl_MZ =    91.188000000000002     
 mdl_MT =    173.00000000000000     
 mdl_MH =    125.00000000000000     
 mdl_MTA =    1.7769999999999999     
 mdl_WZ =    2.4414039999999999     
 mdl_WW =    2.0476000000000001     
 mdl_WT =    1.4915000000000000     
 mdl_WH =    6.3823389999999999E-003
  Internal Params
  ---------------------------------
  
 mdl_conjg__CKM3x3 =    1.0000000000000000     
 mdl_CKM3x3 =    1.0000000000000000     
 mdl_conjg__CKM1x1 =    1.0000000000000000     
 mdl_complexi =                (0.0000000000000000,1.0000000000000000)
 mdl_MZ__exp__2 =    8315.2513440000002     
 mdl_MZ__exp__4 =    69143404.913893804     
 mdl_sqrt__2 =    1.4142135623730951     
 mdl_MH__exp__2 =    15625.000000000000     
 mdl_aEW =    7.5467711139788835E-003
 mdl_MW =    80.419002445756163     
 mdl_sqrt__aEW =    8.6872153846781555E-002
 mdl_ee =   0.30795376724436879     
 mdl_MW__exp__2 =    6467.2159543705357     
 mdl_sw2 =   0.22224648578577766     
 mdl_cw =   0.88190334743339216     
 mdl_sqrt__sw2 =   0.47143025548407230     
 mdl_sw =   0.47143025548407230     
 mdl_g1 =   0.34919219678733299     
 mdl_gw =   0.65323293034757990     
 mdl_vev =    246.21845810181637     
 mdl_vev__exp__2 =    60623.529110035903     
 mdl_lam =   0.12886910601690263     
 mdl_yt =   0.99366614581500623     
 mdl_ytau =    1.0206617000654717E-002
 mdl_muH =    88.388347648318430     
 mdl_I2x33 =               (0.99366614581500623,0.0000000000000000)
 mdl_I3x33 =               (0.99366614581500623,0.0000000000000000)
 mdl_ee__exp__2 =    9.4835522759998875E-002
 mdl_sw__exp__2 =   0.22224648578577769     
 mdl_cw__exp__2 =   0.77775351421422245     
  Internal Params evaluated point by point
  ----------------------------------------
  
 mdl_sqrt__aS =   0.34351128074635334     
 mdl_G__exp__2 =    1.4828317324943823     
  Couplings of sm-no_b_mass
  ---------------------------------
  
        GC_10 =  -0.12177E+01   0.00000E+00
        GC_11 =   0.00000E+00   0.12177E+01
        GC_12 =   0.00000E+00   0.14828E+01

 Collider parameters:
 --------------------

 Running at P P   machine @    7000.0000000000000       GeV
 PDF set = nn23lo1
 alpha_s(Mz)= 0.1300 running at 2 loops.
 alpha_s(Mz)= 0.1300 running at 2 loops.
 Renormalization scale set on event-by-event basis
 Factorization   scale set on event-by-event basis


 getting user params
Enter number of events and max and min iterations: 
 Number of events and iterations         1000           5           3
Enter desired fractional accuracy: 
 Desired fractional accuracy:   0.10000000000000001     
Enter 0 for fixed, 2 for adjustable grid: 
Suppress amplitude (0 no, 1 yes)? 
 Using suppressed amplitude.
Exact helicity sum (0 yes, n = number/event)? 
 Explicitly summing over helicities
Enter Configuration Number: 
Running Configuration Number:    9
 Not subdividing B.W.
 Attempting mappinvarients           1           5
 Completed mapping           5
 about to integrate            7        1000           5           3           7           1
 Using non-zero grid deformation.
  7 dimensions   1000 events  7 invarients  5 iterations  1 config(s),  (0.99)
 Using h-tuple random number sequence.
 Error opening grid
 Using Uniform Grid!          20
 Using uniform alpha   1.0000000000000000     
 Grid defined OK
 Set CM energy to       7000.00
 Mapping Graph           9  to config           9
Setting grid   1    0.18367E-04   1
Setting grid   2    0.18367E-04   1
 Transforming s_hat 1/s            6   2.0408163265306126E-004   10000.000000000000        48999999.999999993     
   9   1   2   3   4   5   6   7
 Masses: 0.000E+00 0.000E+00 0.000E+00 0.000E+00 0.000E+00
Using random seed offsets     9 :      6
  with seed                   60
 Ranmar initialization seeds       14789        9441
 
 ********************************************
 * You are using the DiscreteSampler module *
 *      part of the MG5_aMC framework       *
 *         Author: Valentin Hirschi         *
 ********************************************
 
  Particle       3       4       5
      Et >    20.0    20.0    20.0
       E >     0.0     0.0     0.0
     Eta <     5.0     5.0     5.0
   xqcut:     30.0    30.0    30.0
d R # 3  >    -0.0     0.0     0.0
d R # 4  >    -0.0    -0.0     0.0
s min # 3>     0.0     0.0     0.0
s min # 4>     0.0     0.0     0.0
xqcutij # 3>     0.0    30.0    30.0
xqcutij # 4>    30.0     0.0    30.0
 alpha_s for scale    72.759883221451432       is   0.13509516708792779     
 Added good helicity            4   1.2716420461216162E-003  in event            1 local:           1
 Added good helicity            8   13.749675145166892       in event            1 local:           1
 Added good helicity           10  0.11983496090342201       in event            1 local:           1
 Added good helicity           11   1.5600933522437096E-002  in event            1 local:           1
 Added good helicity           14   1.9154388907451587       in event            1 local:           1
 Added good helicity           15  0.19817842761596910       in event            1 local:           1
 Added good helicity           18  0.19817842761596910       in event            1 local:           1
 Added good helicity           19   1.9154388907451587       in event            1 local:           1
 Added good helicity           22   1.5600933522437096E-002  in event            1 local:           1
 Added good helicity           23  0.11983496090342201       in event            1 local:           1
 Added good helicity           25   13.749675145166892       in event            1 local:           1
 Added good helicity           29   1.2716420461216162E-003  in event            1 local:           1
 Added good helicity            1  0.42130903640488765       in event            2 local:           1
 Added good helicity            5   6.7341926535335475       in event            2 local:           1
 Added good helicity           28   6.7341926535335475       in event            2 local:           1
 Added good helicity           32  0.42130903640488765       in event            2 local:           1
 Added good helicity            1  0.42130903640489270       in event            1 local:           1
 Added good helicity            4  0.25095720896703100       in event            1 local:           1
 Added good helicity            5   6.7341926535334515       in event            1 local:           1
 Added good helicity            8   3.1879057109276405       in event            1 local:           1
 Added good helicity           11   4.9989526935930188E-004  in event            1 local:           1
 Added good helicity           15   5.4051354948976256       in event            1 local:           1
 Added good helicity           18   5.4051354948976256       in event            1 local:           1
 Added good helicity           22   4.9989526935930188E-004  in event            1 local:           1
 Added good helicity           25   3.1879057109276405       in event            1 local:           1
 Added good helicity           28   6.7341926535334515       in event            1 local:           1
 Added good helicity           29  0.25095720896703100       in event            1 local:           1
 Added good helicity           32  0.42130903640489270       in event            1 local:           1
 RESET CUMULATIVE VARIABLE
 RESET CUMULATIVE VARIABLE
 RESET CUMULATIVE VARIABLE
 Iteration  1   Mean: 0.7361E+05 Abs mean: 0.7361E+05   Fluctuation:  0.918E+04   0.679E+07     8.7%
  1    0.7361E+05 0.7361E+05 +- 0.9175E+04      3.94
 Writing out events   170.10801380015664        3.9418605147755588     
 Relative summed weights:
  0.4820E-01  0.0000E+00  0.3083E-01  0.6157E-01  0.3958E-02  0.0000E+00  0.2315E+00  0.1602E+00  0.0000E+00  0.0000E+00  0.1761E+00  0.1412E+00  0.2825E-01  0.2373E-01
  0.9337E-01  0.0000E+00  0.0000E+00  0.0000E+00  0.1043E-02  0.0000E+00  0.0000E+00  0.0000E+00  0.0000E+00  0.0000E+00  0.0000E+00  0.0000E+00  0.0000E+00  0.0000E+00
 Relative number of events:
  0.9415E-01  0.0000E+00  0.4063E-01  0.5946E-01  0.8920E-02  0.0000E+00  0.1635E+00  0.1675E+00  0.0000E+00  0.0000E+00  0.1675E+00  0.1506E+00  0.3171E-01  0.2973E-01
  0.7929E-01  0.0000E+00  0.0000E+00  0.0000E+00  0.6938E-02  0.0000E+00  0.0000E+00  0.0000E+00  0.0000E+00  0.0000E+00  0.0000E+00  0.0000E+00  0.0000E+00  0.0000E+00
 Events:
          95           0          41          60           9           0         165         169           0           0         169         152          32          30
          80           0           0           0           7           0           0           0           0           0           0           0           0           0
 Iteration  2   Mean: 0.9766E+05 Abs mean: 0.9766E+05   Fluctuation:  0.985E+04   0.784E+07    14.8%
  2    0.9766E+05 0.9766E+05 +- 0.9849E+04      4.51
 Relative summed weights:
  0.1194E+00  0.0000E+00  0.4455E-01  0.2593E-01  0.5499E-02  0.0000E+00  0.1420E+00  0.1894E+00  0.0000E+00  0.0000E+00  0.1009E+00  0.2801E+00  0.1475E-01  0.1100E-01
  0.6444E-01  0.0000E+00  0.0000E+00  0.0000E+00  0.1951E-02  0.0000E+00  0.0000E+00  0.0000E+00  0.0000E+00  0.0000E+00  0.0000E+00  0.0000E+00  0.0000E+00  0.0000E+00
 Relative number of events:
  0.1075E+00  0.0000E+00  0.5450E-01  0.4900E-01  0.7500E-02  0.0000E+00  0.1625E+00  0.1625E+00  0.0000E+00  0.0000E+00  0.1475E+00  0.1510E+00  0.3050E-01  0.2250E-01
  0.9900E-01  0.0000E+00  0.0000E+00  0.0000E+00  0.6000E-02  0.0000E+00  0.0000E+00  0.0000E+00  0.0000E+00  0.0000E+00  0.0000E+00  0.0000E+00  0.0000E+00  0.0000E+00
 Events:
         215           0         109          98          15           0         325         325           0           0         295         302          61          45
         198           0           0           0          12           0           0           0           0           0           0           0           0           0
 Iteration  3   Mean: 0.7848E+05 Abs mean: 0.7848E+05   Fluctuation:  0.254E+04   0.263E+07    19.9%
  3    0.7848E+05 0.7848E+05 +- 0.2542E+04      2.05
 Relative summed weights:
  0.1086E+00  0.0000E+00  0.6758E-01  0.5681E-01  0.6094E-02  0.0000E+00  0.1388E+00  0.1744E+00  0.0000E+00  0.0000E+00  0.1451E+00  0.1531E+00  0.1867E-01  0.2027E-01
  0.1027E+00  0.0000E+00  0.0000E+00  0.0000E+00  0.7809E-02  0.0000E+00  0.0000E+00  0.0000E+00  0.0000E+00  0.0000E+00  0.0000E+00  0.0000E+00  0.0000E+00  0.0000E+00
 Relative number of events:
  0.1085E+00  0.0000E+00  0.5475E-01  0.5225E-01  0.7750E-02  0.0000E+00  0.1560E+00  0.1703E+00  0.0000E+00  0.0000E+00  0.1492E+00  0.1422E+00  0.2325E-01  0.2150E-01
  0.1075E+00  0.0000E+00  0.0000E+00  0.0000E+00  0.6750E-02  0.0000E+00  0.0000E+00  0.0000E+00  0.0000E+00  0.0000E+00  0.0000E+00  0.0000E+00  0.0000E+00  0.0000E+00
 Events:
         434           0         219         209          31           0         624         681           0           0         597         569          93          86
         430           0           0           0          27           0           0           0           0           0           0           0           0           0
 Accuracy:    0.050   0.100   0.030   2.779
 Finished due to accuracy    4.9897879653214759E-002  0.10000000000000001     

 -------------------------------------------------------------------------------
 Accumulated results:   Integral =  0.7989E+05
                        Std dev  =  0.2391E+04
                       Cross sec =  0.7989E+05
             Chi**2 per DoF.     =      2.7787
 -------------------------------------------------------------------------------
 Found         1229  events.
 Wrote          191  events.
 Actual xsec    79888.071475309931     
 Correct abs xsec    79888.071475309931     
 Event xsec    79888.071475310033     
 Events wgts > 1:            6
 % Cross section > 1:    727.18333397190816       0.91025270799865188     
-------------------------------------------------
---------------------------
 Results Last   3 iters: Integral =   0.7989E+05
                     Abs integral =   0.7989E+05
                          Std dev =   0.2391E+04
                  Chi**2 per DoF. =      2.0151
-------------------------------------------------
---------------------------
 Status  0.10000000000000001                4           5

ls status:
events.lhe
ftn26
input_app.txt
results.dat
run1_app.log
run_01_0_log.txt
run_02_0_log.txt
run_03_0_log.txt
run_04_0_log.txt
