Decompressing OneLOop
x OneLOop-3.6/
x OneLOop-3.6/DESCRIPTION
x OneLOop-3.6/make_cuttools
x OneLOop-3.6/example_cpp/
x OneLOop-3.6/example_cpp/Config
x OneLOop-3.6/example_cpp/cavh_olo.h
x OneLOop-3.6/example_cpp/example.cpp
x OneLOop-3.6/example_cpp/clean
x OneLOop-3.6/example_cpp/README
x OneLOop-3.6/src/
x OneLOop-3.6/src/avh_pc_exe.py
x OneLOop-3.6/src/avh_olo_mpfun90.f90
x OneLOop-3.6/src/avh_olo_an.h90
x OneLOop-3.6/src/avh_olo_a0.h90
x OneLOop-3.6/src/avh_olo_arrays.f90
x OneLOop-3.6/src/avh_olo_qmplx.f90
x OneLOop-3.6/src/avh_olo_bub.f90
x OneLOop-3.6/src/avh_olo_main.f90
x OneLOop-3.6/src/avh_olo_b0.h90
x OneLOop-3.6/src/avh_olo_tri.f90
x OneLOop-3.6/src/avh_olo_version.f90
x OneLOop-3.6/src/avh_olo_dilog.f90
x OneLOop-3.6/src/avh_olo_real.h90
x OneLOop-3.6/src/avh_pc_olo.py
x OneLOop-3.6/src/avh_olo_bnlog.f90
x OneLOop-3.6/src/avh_olo_auxfun.f90
x OneLOop-3.6/src/avh_olo_olog.f90
x OneLOop-3.6/src/avh_olo_print.f90
x OneLOop-3.6/src/avh_olo_units.f90
x OneLOop-3.6/src/avh_olo_qdcpp.f90
x OneLOop-3.6/src/avh_olo_comb.f90
x OneLOop-3.6/src/avh_olo_db0.h90
x OneLOop-3.6/src/avh_pc.py
x OneLOop-3.6/src/avh_olo_kinds.f90
x OneLOop-3.6/src/avh_olo_arprec.f90
x OneLOop-3.6/src/avh_pc_olo.pyc
x OneLOop-3.6/src/avh_olo_c0.h90
x OneLOop-3.6/src/avh_olo_d0.h90
x OneLOop-3.6/src/avh_olo_ddfun90.f90
x OneLOop-3.6/src/avh_olo.py
x OneLOop-3.6/src/avh_olo_bub.h90
x OneLOop-3.6/src/avh_olo_intrf.h90
x OneLOop-3.6/src/avh_olo_box.f90
x OneLOop-3.6/src/avh_pc.pyc
x OneLOop-3.6/src/avh_olo_intrinsic.f90
x OneLOop-3.6/src/avh_olo_wrp01.f90
x OneLOop-3.6/src/avh_olo_boxc.f90
x OneLOop-3.6/src/avh_olo_complex.h90
x OneLOop-3.6/src/avh_olo_bn.h90
x OneLOop-3.6/src/avh_olo_b11.h90
x OneLOop-3.6/example_mpfun90/
x OneLOop-3.6/example_mpfun90/irdiv_input
x OneLOop-3.6/example_mpfun90/example.f
x OneLOop-3.6/example_mpfun90/makefile
x OneLOop-3.6/example_mpfun90/input
x OneLOop-3.6/example_mpfun90/README
x OneLOop-3.6/Config
x OneLOop-3.6/create.py
x OneLOop-3.6/example_ddfun90/
x OneLOop-3.6/example_ddfun90/irdiv_input
x OneLOop-3.6/example_ddfun90/example.f
x OneLOop-3.6/example_ddfun90/makefile
x OneLOop-3.6/example_ddfun90/input
x OneLOop-3.6/example_ddfun90/README
x OneLOop-3.6/clean.sh
x OneLOop-3.6/COPYING
x OneLOop-3.6/ONI/
x OneLOop-3.6/ONI/src/
x OneLOop-3.6/ONI/src/avh_oni_hello.f
x OneLOop-3.6/ONI/src/avh_oni_real.f
x OneLOop-3.6/ONI/src/avh_oni_cuba.h
x OneLOop-3.6/ONI/src/avh_oni_cuba-1.x.h
x OneLOop-3.6/ONI/src/avh_oni_3div.f
x OneLOop-3.6/ONI/src/avh_oni_3fin.f
x OneLOop-3.6/ONI/src/avh_oni_cmplx.f
x OneLOop-3.6/ONI/src/avh_oni_func.f
x OneLOop-3.6/ONI/src/avh_oni_d1mach.f
x OneLOop-3.6/ONI/src/avh_oni_dfam.f
x OneLOop-3.6/ONI/src/avh_oni_4div.f
x OneLOop-3.6/ONI/src/avh_oni_dqagpe.f
x OneLOop-3.6/ONI/src/avh_oni_cuba.f
x OneLOop-3.6/ONI/src/avh_oni_cuba-2.x.h
x OneLOop-3.6/ONI/build/
x OneLOop-3.6/ONI/makefile
x OneLOop-3.6/ONI/example/
x OneLOop-3.6/ONI/example/input12
x OneLOop-3.6/ONI/example/input10
x OneLOop-3.6/ONI/example/input05
x OneLOop-3.6/ONI/example/input11
x OneLOop-3.6/ONI/example/input16
x OneLOop-3.6/ONI/example/input08
x OneLOop-3.6/ONI/example/input14
x OneLOop-3.6/ONI/example/input09
x OneLOop-3.6/ONI/example/example.f
x OneLOop-3.6/ONI/example/makefile
x OneLOop-3.6/ONI/example/input15
x OneLOop-3.6/ONI/example/input13
x OneLOop-3.6/ONI/example/input06
x OneLOop-3.6/ONI/example/input
x OneLOop-3.6/ONI/example/README
x OneLOop-3.6/ONI/example/input07
x OneLOop-3.6/ONI/README
x OneLOop-3.6/example_arprec/
x OneLOop-3.6/example_arprec/irdiv_input
x OneLOop-3.6/example_arprec/f_test.f
x OneLOop-3.6/example_arprec/makefile
x OneLOop-3.6/example_arprec/input
x OneLOop-3.6/example_arprec/README
x OneLOop-3.6/example/
x OneLOop-3.6/example/irdiv_input
x OneLOop-3.6/example/example.f
x OneLOop-3.6/example/makefile
x OneLOop-3.6/example/input
x OneLOop-3.6/example/README
x OneLOop-3.6/example/example16.f
x OneLOop-3.6/example_qdcpp/
x OneLOop-3.6/example_qdcpp/irdiv_input
x OneLOop-3.6/example_qdcpp/f_test.f
x OneLOop-3.6/example_qdcpp/makefile
x OneLOop-3.6/example_qdcpp/input
x OneLOop-3.6/example_qdcpp/README
x OneLOop-3.6/README
Enter OneLOop directory and installing OneLOop
Modding Config file to activate quadruple precision
./create.py: creating source file...
./create.py: compiling source file...
./create.py: building library...
Copying the static library and modules generated to target directory
Finished installing OneLOop
