 Process in group number            1
 A PDF is used, so alpha_s(MZ) is going to be modified
 Old value of alpha_s from param_card:   0.11799999999999999     
  ****************************************
 
       NNPDFDriver version 1.0.3
   Grid: NNPDF23_lo_as_0130_qed_mem0.grid
  ****************************************
 New value of alpha_s from PDF nn23lo1:  0.13000000000000000     
 Define smin to   10000.000000000000     
 *****************************************************
 *               MadGraph/MadEvent                   *
 *        --------------------------------           *
 *          http://madgraph.hep.uiuc.edu             *
 *          http://madgraph.phys.ucl.ac.be           *
 *          http://madgraph.roma2.infn.it            *
 *        --------------------------------           *
 *                                                   *
 *          PARAMETER AND COUPLING VALUES            *
 *                                                   *
 *****************************************************

  External Params
  ---------------------------------
  
 aEWM1 =    132.50700000000001     
 mdl_Gf =    1.1663900000000000E-005
 aS =   0.11799999999999999     
 mdl_ymt =    173.00000000000000     
 mdl_ymtau =    1.7769999999999999     
 mdl_MZ =    91.188000000000002     
 mdl_MT =    173.00000000000000     
 mdl_MH =    125.00000000000000     
 mdl_MTA =    1.7769999999999999     
 mdl_WZ =    2.4414039999999999     
 mdl_WW =    2.0476000000000001     
 mdl_WT =    1.4915000000000000     
 mdl_WH =    6.3823389999999999E-003
  Internal Params
  ---------------------------------
  
 mdl_conjg__CKM3x3 =    1.0000000000000000     
 mdl_CKM3x3 =    1.0000000000000000     
 mdl_conjg__CKM1x1 =    1.0000000000000000     
 mdl_complexi =                (0.0000000000000000,1.0000000000000000)
 mdl_MZ__exp__2 =    8315.2513440000002     
 mdl_MZ__exp__4 =    69143404.913893804     
 mdl_sqrt__2 =    1.4142135623730951     
 mdl_MH__exp__2 =    15625.000000000000     
 mdl_aEW =    7.5467711139788835E-003
 mdl_MW =    80.419002445756163     
 mdl_sqrt__aEW =    8.6872153846781555E-002
 mdl_ee =   0.30795376724436879     
 mdl_MW__exp__2 =    6467.2159543705357     
 mdl_sw2 =   0.22224648578577766     
 mdl_cw =   0.88190334743339216     
 mdl_sqrt__sw2 =   0.47143025548407230     
 mdl_sw =   0.47143025548407230     
 mdl_g1 =   0.34919219678733299     
 mdl_gw =   0.65323293034757990     
 mdl_vev =    246.21845810181637     
 mdl_vev__exp__2 =    60623.529110035903     
 mdl_lam =   0.12886910601690263     
 mdl_yt =   0.99366614581500623     
 mdl_ytau =    1.0206617000654717E-002
 mdl_muH =    88.388347648318430     
 mdl_I2x33 =               (0.99366614581500623,0.0000000000000000)
 mdl_I3x33 =               (0.99366614581500623,0.0000000000000000)
 mdl_ee__exp__2 =    9.4835522759998875E-002
 mdl_sw__exp__2 =   0.22224648578577769     
 mdl_cw__exp__2 =   0.77775351421422245     
  Internal Params evaluated point by point
  ----------------------------------------
  
 mdl_sqrt__aS =   0.34351128074635334     
 mdl_G__exp__2 =    1.4828317324943823     
  Couplings of sm-no_b_mass
  ---------------------------------
  
        GC_10 =  -0.12177E+01   0.00000E+00
        GC_11 =   0.00000E+00   0.12177E+01
        GC_12 =   0.00000E+00   0.14828E+01

 Collider parameters:
 --------------------

 Running at P P   machine @    7000.0000000000000       GeV
 PDF set = nn23lo1
 alpha_s(Mz)= 0.1300 running at 2 loops.
 alpha_s(Mz)= 0.1300 running at 2 loops.
 Renormalization scale set on event-by-event basis
 Factorization   scale set on event-by-event basis


 getting user params
Enter number of events and max and min iterations: 
 Number of events and iterations         1000           5           3
Enter desired fractional accuracy: 
 Desired fractional accuracy:   0.10000000000000001     
Enter 0 for fixed, 2 for adjustable grid: 
Suppress amplitude (0 no, 1 yes)? 
 Using suppressed amplitude.
Exact helicity sum (0 yes, n = number/event)? 
 Explicitly summing over helicities
Enter Configuration Number: 
Running Configuration Number:    8
 Not subdividing B.W.
 Attempting mappinvarients           1           5
 Completed mapping           5
 about to integrate            7        1000           5           3           7           1
 Using non-zero grid deformation.
  7 dimensions   1000 events  7 invarients  5 iterations  1 config(s),  (0.99)
 Using h-tuple random number sequence.
 Error opening grid
 Using Uniform Grid!          20
 Using uniform alpha   1.0000000000000000     
 Grid defined OK
 Set CM energy to       7000.00
 Mapping Graph           8  to config           8
Setting grid   1    0.18367E-04   1
Setting grid   2    0.18367E-04   1
 Transforming s_hat 1/s            6   2.0408163265306126E-004   10000.000000000000        48999999.999999993     
   8   1   2   3   4   5   6   7
 Masses: 0.000E+00 0.000E+00 0.000E+00 0.000E+00 0.000E+00
Using random seed offsets     8 :      4
  with seed                   60
 Ranmar initialization seeds       14788        9439
 
 ********************************************
 * You are using the DiscreteSampler module *
 *      part of the MG5_aMC framework       *
 *         Author: Valentin Hirschi         *
 ********************************************
 
  Particle       3       4       5
      Et >    20.0    20.0    20.0
       E >     0.0     0.0     0.0
     Eta <     5.0     5.0     5.0
   xqcut:     30.0    30.0    30.0
d R # 3  >    -0.0     0.0     0.0
d R # 4  >    -0.0    -0.0     0.0
s min # 3>     0.0     0.0     0.0
s min # 4>     0.0     0.0     0.0
xqcutij # 3>     0.0    30.0    30.0
xqcutij # 4>    30.0     0.0    30.0
 alpha_s for scale    39.602800420978937       is   0.15111549075282538     
 Added good helicity            2   4.8552191339676816E-002  in event            1 local:           1
 Added good helicity            3   7.7218267218275027       in event            1 local:           1
 Added good helicity            4   2.3201812688950181       in event            1 local:           1
 Added good helicity            5  0.96472104865369335       in event            1 local:           1
 Added good helicity            6   5.0508092577396108E-002  in event            1 local:           1
 Added good helicity            7   4.8942106767067139       in event            1 local:           1
 Added good helicity           26   4.8942106767067139       in event            1 local:           1
 Added good helicity           27   5.0508092577396108E-002  in event            1 local:           1
 Added good helicity           28  0.96472104865369335       in event            1 local:           1
 Added good helicity           29   2.3201812688950181       in event            1 local:           1
 Added good helicity           30   7.7218267218275027       in event            1 local:           1
 Added good helicity           31   4.8552191339676816E-002  in event            1 local:           1
 Added good helicity            2   4.8552191339676816E-002  in event            1 local:           1
 Added good helicity            3   7.7218267218275027       in event            1 local:           1
 Added good helicity            4   2.3201812688950181       in event            1 local:           1
 Added good helicity            5  0.96472104865369335       in event            1 local:           1
 Added good helicity            6   5.0508092577396108E-002  in event            1 local:           1
 Added good helicity            7   4.8942106767067139       in event            1 local:           1
 Added good helicity           26   4.8942106767067139       in event            1 local:           1
 Added good helicity           27   5.0508092577396108E-002  in event            1 local:           1
 Added good helicity           28  0.96472104865369335       in event            1 local:           1
 Added good helicity           29   2.3201812688950181       in event            1 local:           1
 Added good helicity           30   7.7218267218275027       in event            1 local:           1
 Added good helicity           31   4.8552191339676816E-002  in event            1 local:           1
 RESET CUMULATIVE VARIABLE
 RESET CUMULATIVE VARIABLE
 RESET CUMULATIVE VARIABLE
 Iteration  1   Mean: 0.5756E+03 Abs mean: 0.5756E+03   Fluctuation:  0.343E+02   0.149E+05     8.9%
  1    0.5756E+03 0.5756E+03 +- 0.3426E+02      1.88
 Writing out events   1.2938404243819766        1.8822037804761218     
 Relative summed weights:
  0.1051E+00  0.6450E-01
  0.9136E-01  0.9781E-01
  0.8735E-01  0.8570E-01
  0.6280E-01  0.7051E-01
  0.6959E-01  0.7037E-01
  0.8806E-01  0.1068E+00
 Relative number of events:
  0.9514E-01  0.7334E-01
  0.8523E-01  0.5946E-01
  0.8722E-01  0.8226E-01
  0.7532E-01  0.9118E-01
  0.8028E-01  0.7929E-01
  0.9514E-01  0.9613E-01
 Events:
          96          74
          86          60
          88          83
          76          92
          81          80
          96          97
 Iteration  2   Mean: 0.5940E+03 Abs mean: 0.5940E+03   Fluctuation:  0.361E+02   0.328E+05    11.9%
  2    0.5940E+03 0.5940E+03 +- 0.3613E+02      2.72
 Relative summed weights:
  0.9196E-01  0.7910E-01
  0.1233E+00  0.7884E-01
  0.5938E-01  0.8488E-01
  0.6004E-01  0.6966E-01
  0.7470E-01  0.9166E-01
  0.9652E-01  0.8998E-01
 Relative number of events:
  0.8400E-01  0.8450E-01
  0.1055E+00  0.8850E-01
  0.7100E-01  0.7950E-01
  0.7750E-01  0.7900E-01
  0.8550E-01  0.7150E-01
  0.9450E-01  0.7900E-01
 Events:
         168         169
         211         177
         142         159
         155         158
         171         143
         189         158
 Iteration  3   Mean: 0.5340E+03 Abs mean: 0.5340E+03   Fluctuation:  0.126E+02   0.142E+05    15.5%
  3    0.5340E+03 0.5340E+03 +- 0.1262E+02      1.50
 Relative summed weights:
  0.7215E-01  0.9479E-01
  0.8293E-01  0.9868E-01
  0.7904E-01  0.8290E-01
  0.7457E-01  0.9106E-01
  0.8934E-01  0.8192E-01
  0.8373E-01  0.6889E-01
 Relative number of events:
  0.7652E-01  0.8702E-01
  0.8477E-01  0.8677E-01
  0.8202E-01  0.8202E-01
  0.8177E-01  0.8627E-01
  0.8652E-01  0.7977E-01
  0.8752E-01  0.7902E-01
 Events:
         306         348
         339         347
         328         328
         327         345
         346         319
         350         316
 Accuracy:    0.028   0.100   0.021   1.887
 Finished due to accuracy    2.8384648731883635E-002  0.10000000000000001     

 -------------------------------------------------------------------------------
 Accumulated results:   Integral =  0.5460E+03
                        Std dev  =  0.1128E+02
                       Cross sec =  0.5460E+03
             Chi**2 per DoF.     =      1.8870
 -------------------------------------------------------------------------------
 Found         1947  events.
 Wrote          420  events.
 Actual xsec    545.96550088880747     
 Correct abs xsec    545.96550092030395     
 Event xsec    545.96550092030020     
 Events wgts > 1:           11
 % Cross section > 1:    5.0966636396701448       0.93351386325308361     
-------------------------------------------------
---------------------------
 Results Last   3 iters: Integral =   0.5460E+03
                     Abs integral =   0.5460E+03
                          Std dev =   0.1128E+02
                  Chi**2 per DoF. =      1.7026
-------------------------------------------------
---------------------------
 Status  0.10000000000000001                4           5

ls status:
events.lhe
ftn26
input_app.txt
results.dat
run1_app.log
run_01_0_log.txt
run_02_0_log.txt
run_03_0_log.txt
run_04_0_log.txt
