 Process in group number            1
 A PDF is used, so alpha_s(MZ) is going to be modified
 Old value of alpha_s from param_card:   0.11799999999999999     
  ****************************************
 
       NNPDFDriver version 1.0.3
   Grid: NNPDF23_lo_as_0130_qed_mem0.grid
  ****************************************
 New value of alpha_s from PDF nn23lo1:  0.13000000000000000     
 Define smin to   10000.000000000000     
 Define smin to   10000.000000000000     
 Define smin to   10000.000000000000     
 Define smin to   10000.000000000000     
 Define smin to   10000.000000000000     
 Define smin to   10000.000000000000     
 Define smin to   10000.000000000000     
 *****************************************************
 *               MadGraph/MadEvent                   *
 *        --------------------------------           *
 *          http://madgraph.hep.uiuc.edu             *
 *          http://madgraph.phys.ucl.ac.be           *
 *          http://madgraph.roma2.infn.it            *
 *        --------------------------------           *
 *                                                   *
 *          PARAMETER AND COUPLING VALUES            *
 *                                                   *
 *****************************************************

  External Params
  ---------------------------------
  
 aEWM1 =    132.50700000000001     
 mdl_Gf =    1.1663900000000000E-005
 aS =   0.11799999999999999     
 mdl_ymt =    173.00000000000000     
 mdl_ymtau =    1.7769999999999999     
 mdl_MZ =    91.188000000000002     
 mdl_MT =    173.00000000000000     
 mdl_MH =    125.00000000000000     
 mdl_MTA =    1.7769999999999999     
 mdl_WZ =    2.4414039999999999     
 mdl_WW =    2.0476000000000001     
 mdl_WT =    1.4915000000000000     
 mdl_WH =    6.3823389999999999E-003
  Internal Params
  ---------------------------------
  
 mdl_conjg__CKM3x3 =    1.0000000000000000     
 mdl_CKM3x3 =    1.0000000000000000     
 mdl_conjg__CKM1x1 =    1.0000000000000000     
 mdl_complexi =                (0.0000000000000000,1.0000000000000000)
 mdl_MZ__exp__2 =    8315.2513440000002     
 mdl_MZ__exp__4 =    69143404.913893804     
 mdl_sqrt__2 =    1.4142135623730951     
 mdl_MH__exp__2 =    15625.000000000000     
 mdl_aEW =    7.5467711139788835E-003
 mdl_MW =    80.419002445756163     
 mdl_sqrt__aEW =    8.6872153846781555E-002
 mdl_ee =   0.30795376724436879     
 mdl_MW__exp__2 =    6467.2159543705357     
 mdl_sw2 =   0.22224648578577766     
 mdl_cw =   0.88190334743339216     
 mdl_sqrt__sw2 =   0.47143025548407230     
 mdl_sw =   0.47143025548407230     
 mdl_g1 =   0.34919219678733299     
 mdl_gw =   0.65323293034757990     
 mdl_vev =    246.21845810181637     
 mdl_vev__exp__2 =    60623.529110035903     
 mdl_lam =   0.12886910601690263     
 mdl_yt =   0.99366614581500623     
 mdl_ytau =    1.0206617000654717E-002
 mdl_muH =    88.388347648318430     
 mdl_I2x33 =               (0.99366614581500623,0.0000000000000000)
 mdl_I3x33 =               (0.99366614581500623,0.0000000000000000)
 mdl_ee__exp__2 =    9.4835522759998875E-002
 mdl_sw__exp__2 =   0.22224648578577769     
 mdl_cw__exp__2 =   0.77775351421422245     
  Internal Params evaluated point by point
  ----------------------------------------
  
 mdl_sqrt__aS =   0.34351128074635334     
 mdl_G__exp__2 =    1.4828317324943823     
  Couplings of sm-no_b_mass
  ---------------------------------
  
        GC_10 =  -0.12177E+01   0.00000E+00
        GC_11 =   0.00000E+00   0.12177E+01
        GC_12 =   0.00000E+00   0.14828E+01

 Collider parameters:
 --------------------

 Running at P P   machine @    7000.0000000000000       GeV
 PDF set = nn23lo1
 alpha_s(Mz)= 0.1300 running at 2 loops.
 alpha_s(Mz)= 0.1300 running at 2 loops.
 Renormalization scale set on event-by-event basis
 Factorization   scale set on event-by-event basis


 getting user params
Enter number of events and max and min iterations: 
 Number of events and iterations         1000           5           3
Enter desired fractional accuracy: 
 Desired fractional accuracy:   0.10000000000000001     
Enter 0 for fixed, 2 for adjustable grid: 
Suppress amplitude (0 no, 1 yes)? 
 Using suppressed amplitude.
Exact helicity sum (0 yes, n = number/event)? 
 Explicitly summing over helicities
Enter Configuration Number: 
Running Configuration Number:    4
 Not subdividing B.W.
 Attempting mappinvarients           1           5
 Completed mapping           5
 about to integrate            7        1000           5           3           7           1
 Using non-zero grid deformation.
  7 dimensions   1000 events  7 invarients  5 iterations  1 config(s),  (0.99)
 Using h-tuple random number sequence.
 Error opening grid
 Using Uniform Grid!          20
 Using uniform alpha   1.0000000000000000     
 Grid defined OK
 Set CM energy to       7000.00
 Mapping Graph           4  to config           4
Setting grid   1    0.18367E-04   1
Setting grid   2    0.18367E-04   1
 Transforming s_hat 1/s            6   2.0408163265306126E-004   10000.000000000000        48999999.999999993     
   4   1   2   3   4   5   6   7
 Masses: 0.000E+00 0.000E+00 0.000E+00 0.000E+00 0.000E+00
Using random seed offsets     4 :      6
  with seed                   60
 Ranmar initialization seeds       14784        9441
 
 ********************************************
 * You are using the DiscreteSampler module *
 *      part of the MG5_aMC framework       *
 *         Author: Valentin Hirschi         *
 ********************************************
 
  Particle       3       4       5
      Et >    20.0    20.0    20.0
       E >     0.0     0.0     0.0
     Eta <     5.0     5.0     5.0
   xqcut:     30.0    30.0    30.0
d R # 3  >    -0.0     0.0     0.0
d R # 4  >    -0.0    -0.0     0.0
s min # 3>     0.0     0.0     0.0
s min # 4>     0.0     0.0     0.0
xqcutij # 3>     0.0    30.0    30.0
xqcutij # 4>    30.0     0.0    30.0
 alpha_s for scale    70.460139698634421       is   0.13585352509853982     
 Added good helicity            4  0.12427443166557209       in event            1 local:           1
 Added good helicity            8   11.821282488256651       in event            1 local:           1
 Added good helicity           10   1.3269477338490702E-003  in event            1 local:           1
 Added good helicity           11   3.0420320863419059       in event            1 local:           1
 Added good helicity           14   4.1137546239934843E-003  in event            1 local:           1
 Added good helicity           15   1.0069702913780278       in event            1 local:           1
 Added good helicity           18   1.0069702913780278       in event            1 local:           1
 Added good helicity           19   4.1137546239934843E-003  in event            1 local:           1
 Added good helicity           22   3.0420320863419059       in event            1 local:           1
 Added good helicity           23   1.3269477338490702E-003  in event            1 local:           1
 Added good helicity           25   11.821282488256651       in event            1 local:           1
 Added good helicity           29  0.12427443166557209       in event            1 local:           1
 Added good helicity            1   1.9370313775507750E-003  in event            2 local:           1
 Added good helicity            5   6.0051135270458760E-003  in event            2 local:           1
 Added good helicity           28   6.0051135270458760E-003  in event            2 local:           1
 Added good helicity           32   1.9370313775507750E-003  in event            2 local:           1
 Added good helicity            1   1.9370313775507551E-003  in event            1 local:           1
 Added good helicity            4   3.1243866360919177       in event            1 local:           1
 Added good helicity            5   6.0051135270458456E-003  in event            1 local:           1
 Added good helicity            8   1.0342312086216068       in event            1 local:           1
 Added good helicity           11  0.12310803437604974       in event            1 local:           1
 Added good helicity           15   11.710331976005829       in event            1 local:           1
 Added good helicity           18   11.710331976005829       in event            1 local:           1
 Added good helicity           22  0.12310803437604974       in event            1 local:           1
 Added good helicity           25   1.0342312086216068       in event            1 local:           1
 Added good helicity           28   6.0051135270458456E-003  in event            1 local:           1
 Added good helicity           29   3.1243866360919177       in event            1 local:           1
 Added good helicity           32   1.9370313775507551E-003  in event            1 local:           1
 RESET CUMULATIVE VARIABLE
 RESET CUMULATIVE VARIABLE
 RESET CUMULATIVE VARIABLE
 Iteration  1   Mean: 0.6082E+05 Abs mean: 0.6082E+05   Fluctuation:  0.980E+04   0.763E+07     9.1%
  1    0.6082E+05 0.6082E+05 +- 0.9800E+04      5.10
 Writing out events   133.70221749570638        5.0957054534573505     
 Relative summed weights:
  0.7760E-01  0.0000E+00  0.1865E+00  0.7730E-01  0.2260E-02  0.0000E+00  0.1653E+00  0.2147E+00  0.0000E+00  0.0000E+00  0.8483E-01  0.1045E+00  0.2133E-01  0.1718E-01
  0.4487E-01  0.0000E+00  0.0000E+00  0.0000E+00  0.3675E-02  0.0000E+00  0.0000E+00  0.0000E+00  0.0000E+00  0.0000E+00  0.0000E+00  0.0000E+00  0.0000E+00  0.0000E+00
 Relative number of events:
  0.1080E+00  0.0000E+00  0.4559E-01  0.5649E-01  0.7929E-02  0.0000E+00  0.1724E+00  0.1724E+00  0.0000E+00  0.0000E+00  0.1298E+00  0.1407E+00  0.3171E-01  0.3667E-01
  0.9019E-01  0.0000E+00  0.0000E+00  0.0000E+00  0.7929E-02  0.0000E+00  0.0000E+00  0.0000E+00  0.0000E+00  0.0000E+00  0.0000E+00  0.0000E+00  0.0000E+00  0.0000E+00
 Events:
         109           0          46          57           8           0         174         174           0           0         131         142          32          37
          91           0           0           0           8           0           0           0           0           0           0           0           0           0
 Iteration  2   Mean: 0.5356E+05 Abs mean: 0.5356E+05   Fluctuation:  0.238E+04   0.168E+07    15.6%
  2    0.5356E+05 0.5356E+05 +- 0.2380E+04      1.99
 Relative summed weights:
  0.1204E+00  0.0000E+00  0.4981E-01  0.4713E-01  0.4878E-02  0.0000E+00  0.1535E+00  0.1263E+00  0.0000E+00  0.0000E+00  0.1698E+00  0.1626E+00  0.2343E-01  0.2494E-01
  0.1120E+00  0.0000E+00  0.0000E+00  0.0000E+00  0.5158E-02  0.0000E+00  0.0000E+00  0.0000E+00  0.0000E+00  0.0000E+00  0.0000E+00  0.0000E+00  0.0000E+00  0.0000E+00
 Relative number of events:
  0.1076E+00  0.0000E+00  0.5403E-01  0.4852E-01  0.6503E-02  0.0000E+00  0.1751E+00  0.1646E+00  0.0000E+00  0.0000E+00  0.1271E+00  0.1411E+00  0.2401E-01  0.3202E-01
  0.1116E+00  0.0000E+00  0.0000E+00  0.0000E+00  0.8004E-02  0.0000E+00  0.0000E+00  0.0000E+00  0.0000E+00  0.0000E+00  0.0000E+00  0.0000E+00  0.0000E+00  0.0000E+00
 Events:
         215           0         108          97          13           0         350         329           0           0         254         282          48          64
         223           0           0           0          16           0           0           0           0           0           0           0           0           0
 Iteration  3   Mean: 0.5457E+05 Abs mean: 0.5457E+05   Fluctuation:  0.194E+04   0.540E+07    18.2%
  3    0.5457E+05 0.5457E+05 +- 0.1942E+04      2.25
 Relative summed weights:
  0.9467E-01  0.0000E+00  0.5987E-01  0.5663E-01  0.9523E-02  0.0000E+00  0.1707E+00  0.1676E+00  0.0000E+00  0.0000E+00  0.1600E+00  0.1416E+00  0.2197E-01  0.2211E-01
  0.8948E-01  0.0000E+00  0.0000E+00  0.0000E+00  0.5691E-02  0.0000E+00  0.0000E+00  0.0000E+00  0.0000E+00  0.0000E+00  0.0000E+00  0.0000E+00  0.0000E+00  0.0000E+00
 Relative number of events:
  0.9452E-01  0.0000E+00  0.5076E-01  0.5826E-01  0.9002E-02  0.0000E+00  0.1740E+00  0.1758E+00  0.0000E+00  0.0000E+00  0.1455E+00  0.1393E+00  0.2151E-01  0.2176E-01
  0.1023E+00  0.0000E+00  0.0000E+00  0.0000E+00  0.7252E-02  0.0000E+00  0.0000E+00  0.0000E+00  0.0000E+00  0.0000E+00  0.0000E+00  0.0000E+00  0.0000E+00  0.0000E+00
 Events:
         378           0         203         233          36           0         696         703           0           0         582         557          86          87
         409           0           0           0          29           0           0           0           0           0           0           0           0           0
 Accuracy:    0.016   0.100   0.027   0.332
 Finished due to accuracy    1.5783808964680495E-002  0.10000000000000001     

 -------------------------------------------------------------------------------
 Accumulated results:   Integral =  0.5436E+05
                        Std dev  =  0.1488E+04
                       Cross sec =  0.5436E+05
             Chi**2 per DoF.     =      0.3324
 -------------------------------------------------------------------------------
 Found         1716  events.
 Wrote           41  events.
 Actual xsec    54363.261878102698     
 Correct abs xsec    54363.261903030303     
 Event xsec    54363.261903030332     
 Events wgts > 1:            0
 % Cross section > 1:    0.0000000000000000        0.0000000000000000     
-------------------------------------------------
---------------------------
 Results Last   3 iters: Integral =   0.5436E+05
                     Abs integral =   0.5436E+05
                          Std dev =   0.1488E+04
                  Chi**2 per DoF. =      0.2795
-------------------------------------------------
---------------------------
 Status  0.10000000000000001                4           5

ls status:
events.lhe
ftn26
input_app.txt
results.dat
run1_app.log
run_01_0_log.txt
run_02_0_log.txt
run_03_0_log.txt
run_04_0_log.txt
