#************************************************************
#*               MadGraph5_aMC@NLO/MadEvent                 *
#*                                                          *
#*                *                       *                 *
#*                  *        * *        *                   *
#*                    * * * * 5 * * * *                     *
#*                  *        * *        *                   *
#*                *                       *                 *
#*                                                          *
#*                                                          *
#*         VERSION 2.6.3.2               20xx-xx-xx         *
#*                                                          *
#*    The MadGraph5_aMC@NLO Development Team - Find us at   *
#*    https://server06.fynu.ucl.ac.be/projects/madgraph     *
#*                                                          *
#************************************************************
#*                                                          *
#*               Command File for MadEvent                  *
#*                                                          *
#*     run as ./bin/madevent.py filename                    *
#*                                                          *
#************************************************************
multi_run 1 -f --laststep=delphes
Traceback (most recent call last):
  File "/Users/nsonmez/MG5_aMC_v2_3_3/QCD_100_250/bin/internal/extended_cmd.py", line 1501, in onecmd
    return self.onecmd_orig(line, **opt)
  File "/Users/nsonmez/MG5_aMC_v2_3_3/QCD_100_250/bin/internal/extended_cmd.py", line 1450, in onecmd_orig
    return func(arg, **opt)
  File "/Users/nsonmez/MG5_aMC_v2_3_3/QCD_100_250/bin/internal/madevent_interface.py", line 2903, in do_multi_run
    self.check_survey(args, cmd='multi_run')
  File "/Users/nsonmez/MG5_aMC_v2_3_3/QCD_100_250/bin/internal/madevent_interface.py", line 1149, in check_survey
    self.set_run_name(self.find_available_run_name(self.me_dir))
  File "/Users/nsonmez/MG5_aMC_v2_3_3/QCD_100_250/bin/internal/madevent_interface.py", line 5762, in set_run_name
    self.run_card = banner_mod.RunCard(run_card)
  File "/Users/nsonmez/MG5_aMC_v2_3_3/QCD_100_250/bin/internal/banner.py", line 2210, in __new__
    finput = open(finput).read()
IOError: [Errno 2] No such file or directory: '/Users/nsonmez/MG5_aMC_v2_3_3/QCD_100_250/Cards/run_card.dat'
Related File: /Users/nsonmez/MG5_aMC_v2_3_3/QCD_100_250/Cards/run_card.dat
                              Run Options    
                              -----------    
               stdout_level 	:	None

                         MadEvent Options    
                         ----------------    
     automatic_html_opening 	:	True
        notification_center 	:	True
          cluster_temp_path 	:	None
             cluster_memory 	:	None
               cluster_size 	:	100
              cluster_queue 	:	None
                    nb_core 	:	4 (user set)
               cluster_time 	:	None
                   run_mode 	:	2

                      Configuration Options    
                      ---------------------    
                text_editor 	:	None
         cluster_local_path 	:	None
      cluster_status_update 	:	(600, 30)
               pythia8_path 	:	None (user set)
                  hwpp_path 	:	None (user set)
            pythia-pgs_path 	:	/Users/nsonmez/MG5_aMC_v2_3_3/pythia-pgs (user set)
                    td_path 	:	/Users/nsonmez/MG5_aMC_v2_3_3/td (user set)
               delphes_path 	:	/Users/nsonmez/MG5_aMC_v2_3_3/Delphes (user set)
                thepeg_path 	:	None (user set)
               cluster_type 	:	condor
          madanalysis5_path 	:	None (user set)
           cluster_nb_retry 	:	1
                 eps_viewer 	:	None
                web_browser 	:	None
               syscalc_path 	:	None (user set)
           madanalysis_path 	:	/Users/nsonmez/MG5_aMC_v2_3_3/MadAnalysis (user set)
                     lhapdf 	:	lhapdf-config
              f2py_compiler 	:	None
                 hepmc_path 	:	None (user set)
         cluster_retry_wait 	:	300
           fortran_compiler 	:	None
                auto_update 	:	7 (user set)
        exrootanalysis_path 	:	/Users/nsonmez/MG5_aMC_v2_3_3/ExRootAnalysis (user set)
                    timeout 	:	60
               cpp_compiler 	:	None
######################################################################
## PARAM_CARD AUTOMATICALY GENERATED BY MG5 FOLLOWING UFO MODEL   ####
######################################################################
##                                                                  ##
##  Width set on Auto will be computed following the information    ##
##        present in the decay.py files of the model.               ##
##        See  arXiv:1402.1178 for more details.                    ##
##                                                                  ##
######################################################################

###################################
## INFORMATION FOR MASS
###################################
Block mass 
    6 1.730000e+02 # MT 
   15 1.777000e+00 # MTA 
   23 9.118800e+01 # MZ 
   25 1.250000e+02 # MH 
## Dependent parameters, given by model restrictions.
## Those values should be edited following the 
## analytical expression. MG5 ignores those values 
## but they are important for interfacing the output of MG5
## to external program such as Pythia.
  1 0.000000 # d : 0.0 
  2 0.000000 # u : 0.0 
  3 0.000000 # s : 0.0 
  4 0.000000 # c : 0.0 
  5 0.000000 # b : 0.0 
  11 0.000000 # e- : 0.0 
  12 0.000000 # ve : 0.0 
  13 0.000000 # mu- : 0.0 
  14 0.000000 # vm : 0.0 
  16 0.000000 # vt : 0.0 
  21 0.000000 # g : 0.0 
  22 0.000000 # a : 0.0 
  24 80.419002 # w+ : cmath.sqrt(MZ__exp__2/2. + cmath.sqrt(MZ__exp__4/4. - (aEW*cmath.pi*MZ__exp__2)/(Gf*sqrt__2))) 

###################################
## INFORMATION FOR SMINPUTS
###################################
Block sminputs 
    1 1.325070e+02 # aEWM1 
    2 1.166390e-05 # Gf 
    3 1.180000e-01 # aS 

###################################
## INFORMATION FOR YUKAWA
###################################
Block yukawa 
    6 1.730000e+02 # ymt 
   15 1.777000e+00 # ymtau 

###################################
## INFORMATION FOR DECAY
###################################
DECAY   6 1.491500e+00 # WT 
DECAY  23 2.441404e+00 # WZ 
DECAY  24 2.047600e+00 # WW 
DECAY  25 6.382339e-03 # WH 
## Dependent parameters, given by model restrictions.
## Those values should be edited following the 
## analytical expression. MG5 ignores those values 
## but they are important for interfacing the output of MG5
## to external program such as Pythia.
DECAY  1 0.000000 # d : 0.0 
DECAY  2 0.000000 # u : 0.0 
DECAY  3 0.000000 # s : 0.0 
DECAY  4 0.000000 # c : 0.0 
DECAY  5 0.000000 # b : 0.0 
DECAY  11 0.000000 # e- : 0.0 
DECAY  12 0.000000 # ve : 0.0 
DECAY  13 0.000000 # mu- : 0.0 
DECAY  14 0.000000 # vm : 0.0 
DECAY  15 0.000000 # ta- : 0.0 
DECAY  16 0.000000 # vt : 0.0 
DECAY  21 0.000000 # g : 0.0 
DECAY  22 0.000000 # a : 0.0 
