 Process in group number            0
 A PDF is used, so alpha_s(MZ) is going to be modified
 Old value of alpha_s from param_card:   0.11799999999999999     
  ****************************************
 
       NNPDFDriver version 1.0.3
   Grid: NNPDF23_lo_as_0130_qed_mem0.grid
  ****************************************
 New value of alpha_s from PDF nn23lo1:  0.13000000000000000     
 Define smin to   10000.000000000000     
 Define smin to   10000.000000000000     
 Define smin to   10000.000000000000     
 Define smin to   10000.000000000000     
 Define smin to   10000.000000000000     
 Define smin to   10000.000000000000     
 Define smin to   10000.000000000000     
 *****************************************************
 *               MadGraph/MadEvent                   *
 *        --------------------------------           *
 *          http://madgraph.hep.uiuc.edu             *
 *          http://madgraph.phys.ucl.ac.be           *
 *          http://madgraph.roma2.infn.it            *
 *        --------------------------------           *
 *                                                   *
 *          PARAMETER AND COUPLING VALUES            *
 *                                                   *
 *****************************************************

  External Params
  ---------------------------------
  
 aEWM1 =    132.50700000000001     
 mdl_Gf =    1.1663900000000000E-005
 aS =   0.11799999999999999     
 mdl_ymt =    173.00000000000000     
 mdl_ymtau =    1.7769999999999999     
 mdl_MZ =    91.188000000000002     
 mdl_MT =    173.00000000000000     
 mdl_MH =    125.00000000000000     
 mdl_MTA =    1.7769999999999999     
 mdl_WZ =    2.4414039999999999     
 mdl_WW =    2.0476000000000001     
 mdl_WT =    1.4915000000000000     
 mdl_WH =    6.3823389999999999E-003
  Internal Params
  ---------------------------------
  
 mdl_conjg__CKM3x3 =    1.0000000000000000     
 mdl_CKM3x3 =    1.0000000000000000     
 mdl_conjg__CKM1x1 =    1.0000000000000000     
 mdl_complexi =                (0.0000000000000000,1.0000000000000000)
 mdl_MZ__exp__2 =    8315.2513440000002     
 mdl_MZ__exp__4 =    69143404.913893804     
 mdl_sqrt__2 =    1.4142135623730951     
 mdl_MH__exp__2 =    15625.000000000000     
 mdl_aEW =    7.5467711139788835E-003
 mdl_MW =    80.419002445756163     
 mdl_sqrt__aEW =    8.6872153846781555E-002
 mdl_ee =   0.30795376724436879     
 mdl_MW__exp__2 =    6467.2159543705357     
 mdl_sw2 =   0.22224648578577766     
 mdl_cw =   0.88190334743339216     
 mdl_sqrt__sw2 =   0.47143025548407230     
 mdl_sw =   0.47143025548407230     
 mdl_g1 =   0.34919219678733299     
 mdl_gw =   0.65323293034757990     
 mdl_vev =    246.21845810181637     
 mdl_vev__exp__2 =    60623.529110035903     
 mdl_lam =   0.12886910601690263     
 mdl_yt =   0.99366614581500623     
 mdl_ytau =    1.0206617000654717E-002
 mdl_muH =    88.388347648318430     
 mdl_I2x33 =               (0.99366614581500623,0.0000000000000000)
 mdl_I3x33 =               (0.99366614581500623,0.0000000000000000)
 mdl_ee__exp__2 =    9.4835522759998875E-002
 mdl_sw__exp__2 =   0.22224648578577769     
 mdl_cw__exp__2 =   0.77775351421422245     
  Internal Params evaluated point by point
  ----------------------------------------
  
 mdl_sqrt__aS =   0.34351128074635334     
 mdl_G__exp__2 =    1.4828317324943823     
  Couplings of sm-no_b_mass
  ---------------------------------
  
        GC_10 =  -0.12177E+01   0.00000E+00
        GC_11 =   0.00000E+00   0.12177E+01
        GC_12 =   0.00000E+00   0.14828E+01

 Collider parameters:
 --------------------

 Running at P P   machine @    7000.0000000000000       GeV
 PDF set = nn23lo1
 alpha_s(Mz)= 0.1300 running at 2 loops.
 alpha_s(Mz)= 0.1300 running at 2 loops.
 Renormalization scale set on event-by-event basis
 Factorization   scale set on event-by-event basis


 getting user params
Enter number of events and max and min iterations: 
 Number of events and iterations         1000           5           3
Enter desired fractional accuracy: 
 Desired fractional accuracy:   0.10000000000000001     
Enter 0 for fixed, 2 for adjustable grid: 
Suppress amplitude (0 no, 1 yes)? 
 Using suppressed amplitude.
Exact helicity sum (0 yes, n = number/event)? 
 Explicitly summing over helicities
Enter Configuration Number: 
Running Configuration Number:    1
 Not subdividing B.W.
 Attempting mappinvarients           1           4
 Completed mapping           4
 about to integrate            4        1000           5           3           4           1
 Using non-zero grid deformation.
  4 dimensions   1000 events  4 invarients  5 iterations  1 config(s),  (0.99)
 Using h-tuple random number sequence.
 Error opening grid
 Using Uniform Grid!          20
 Using uniform alpha   1.0000000000000000     
 Grid defined OK
 Set CM energy to       7000.00
 Mapping Graph           1  to config           1
Setting grid   1    0.18367E-04   1
 Transforming s_hat 1/s            3   2.0408163265306126E-004   10000.000000000000        48999999.999999993     
   1   1   2   3   4
 Masses: 0.000E+00 0.000E+00 0.000E+00 0.000E+00
Using random seed offsets     1 :     11
  with seed                   60
 Ranmar initialization seeds       14781        9446
 
 ********************************************
 * You are using the DiscreteSampler module *
 *      part of the MG5_aMC framework       *
 *         Author: Valentin Hirschi         *
 ********************************************
 
  Particle       3       4
      Et >    20.0    20.0
       E >     0.0     0.0
     Eta <     5.0     5.0
   xqcut:     30.0    30.0
d R # 3  >    -0.0     0.0
s min # 3>     0.0     0.0
xqcutij # 3>     0.0    30.0
 alpha_s for scale    61.446363552903478       is   0.13918603074745722     
 Added good helicity            4   4.7881397251268751       in event            1 local:           1
 Added good helicity            6   3.1862628967140880       in event            1 local:           1
 Added good helicity            7   2.5597378159036309E-002  in event            1 local:           1
 Added good helicity           10   2.5597378159036309E-002  in event            1 local:           1
 Added good helicity           11   3.1862628967140880       in event            1 local:           1
 Added good helicity           13   4.7881397251268751       in event            1 local:           1
 Added good helicity            1   1.9187891610607424       in event            2 local:           1
 Added good helicity           16   1.9187891610607424       in event            2 local:           1
 Added good helicity            1   1.9187891610607424       in event            1 local:           1
 Added good helicity            4  0.61133828286126646       in event            1 local:           1
 Added good helicity            7   5.4698725560779913       in event            1 local:           1
 Added good helicity           10   5.4698725560779913       in event            1 local:           1
 Added good helicity           13  0.61133828286126646       in event            1 local:           1
 Added good helicity           16   1.9187891610607424       in event            1 local:           1
 RESET CUMULATIVE VARIABLE
 RESET CUMULATIVE VARIABLE
 RESET CUMULATIVE VARIABLE
 Iteration  1   Mean: 0.4659E+06 Abs mean: 0.4659E+06   Fluctuation:  0.262E+05   0.912E+07    39.7%
  1    0.4659E+06 0.4659E+06 +- 0.2622E+05      1.78
 Writing out events   234.91474029898453        1.7793412485672255     
 Relative summed weights:
  0.7601E-01  0.0000E+00  0.5580E-01  0.9113E-01  0.5890E-02  0.0000E+00  0.1453E+00  0.1514E+00  0.0000E+00  0.0000E+00  0.1448E+00  0.1830E+00  0.3838E-01  0.3817E-01
  0.5864E-01  0.0000E+00  0.0000E+00  0.0000E+00  0.1164E-01  0.0000E+00  0.0000E+00  0.0000E+00  0.0000E+00  0.0000E+00  0.0000E+00  0.0000E+00  0.0000E+00  0.0000E+00
 Relative number of events:
  0.8127E-01  0.0000E+00  0.4955E-01  0.5946E-01  0.1388E-01  0.0000E+00  0.1586E+00  0.1526E+00  0.0000E+00  0.0000E+00  0.1566E+00  0.1497E+00  0.3469E-01  0.3865E-01
  0.1001E+00  0.0000E+00  0.0000E+00  0.0000E+00  0.4955E-02  0.0000E+00  0.0000E+00  0.0000E+00  0.0000E+00  0.0000E+00  0.0000E+00  0.0000E+00  0.0000E+00  0.0000E+00
 Events:
          82           0          50          60          14           0         160         154           0           0         158         151          35          39
         101           0           0           0           5           0           0           0           0           0           0           0           0           0
 Iteration  2   Mean: 0.4900E+06 Abs mean: 0.4900E+06   Fluctuation:  0.109E+05   0.203E+07    72.2%
  2    0.4900E+06 0.4900E+06 +- 0.1094E+05      1.00
 Relative summed weights:
  0.7800E-01  0.0000E+00  0.5612E-01  0.6369E-01  0.6869E-02  0.0000E+00  0.1720E+00  0.1722E+00  0.0000E+00  0.0000E+00  0.1568E+00  0.1671E+00  0.2579E-01  0.3072E-01
  0.6596E-01  0.0000E+00  0.0000E+00  0.0000E+00  0.4832E-02  0.0000E+00  0.0000E+00  0.0000E+00  0.0000E+00  0.0000E+00  0.0000E+00  0.0000E+00  0.0000E+00  0.0000E+00
 Relative number of events:
  0.8950E-01  0.0000E+00  0.4950E-01  0.5800E-01  0.9000E-02  0.0000E+00  0.1695E+00  0.1740E+00  0.0000E+00  0.0000E+00  0.1475E+00  0.1600E+00  0.2850E-01  0.3350E-01
  0.7400E-01  0.0000E+00  0.0000E+00  0.0000E+00  0.7000E-02  0.0000E+00  0.0000E+00  0.0000E+00  0.0000E+00  0.0000E+00  0.0000E+00  0.0000E+00  0.0000E+00  0.0000E+00
 Events:
         179           0          99         116          18           0         339         348           0           0         295         320          57          67
         148           0           0           0          14           0           0           0           0           0           0           0           0           0
 Iteration  3   Mean: 0.4918E+06 Abs mean: 0.4918E+06   Fluctuation:  0.630E+04   0.146E+07    75.0%
  3    0.4918E+06 0.4918E+06 +- 0.6297E+04      0.81
 Relative summed weights:
  0.6048E-01  0.0000E+00  0.5789E-01  0.6433E-01  0.7085E-02  0.0000E+00  0.1492E+00  0.1722E+00  0.0000E+00  0.0000E+00  0.1779E+00  0.1664E+00  0.3621E-01  0.2945E-01
  0.6943E-01  0.0000E+00  0.0000E+00  0.0000E+00  0.9420E-02  0.0000E+00  0.0000E+00  0.0000E+00  0.0000E+00  0.0000E+00  0.0000E+00  0.0000E+00  0.0000E+00  0.0000E+00
 Relative number of events:
  0.6900E-01  0.0000E+00  0.5400E-01  0.6100E-01  0.9250E-02  0.0000E+00  0.1507E+00  0.1680E+00  0.0000E+00  0.0000E+00  0.1718E+00  0.1638E+00  0.3700E-01  0.3025E-01
  0.7450E-01  0.0000E+00  0.0000E+00  0.0000E+00  0.1075E-01  0.0000E+00  0.0000E+00  0.0000E+00  0.0000E+00  0.0000E+00  0.0000E+00  0.0000E+00  0.0000E+00  0.0000E+00
 Events:
         276           0         216         244          37           0         603         672           0           0         687         655         148         121
         298           0           0           0          43           0           0           0           0           0           0           0           0           0
 Accuracy:    0.007   0.100   0.011   0.418
 Finished due to accuracy    7.0436542426598929E-003  0.10000000000000001     

 -------------------------------------------------------------------------------
 Accumulated results:   Integral =  0.4904E+06
                        Std dev  =  0.5344E+04
                       Cross sec =  0.4904E+06
             Chi**2 per DoF.     =      0.4177
 -------------------------------------------------------------------------------
 Found          505  events.
 Wrote          502  events.
 Actual xsec    490359.93349369575     
 Correct abs xsec    490359.93349369575     
 Event xsec    490359.93349369976     
 Events wgts > 1:            0
 % Cross section > 1:    0.0000000000000000        0.0000000000000000     
-------------------------------------------------
---------------------------
 Results Last   3 iters: Integral =   0.4904E+06
                     Abs integral =   0.4904E+06
                          Std dev =   0.5344E+04
                  Chi**2 per DoF. =      0.4598
-------------------------------------------------
---------------------------
 Status  0.10000000000000001                4           5

ls status:
events.lhe
ftn26
input_app.txt
results.dat
run1_app.log
run_01_0_log.txt
run_02_0_log.txt
run_03_0_log.txt
run_04_0_log.txt
