 Process in group number            1
 A PDF is used, so alpha_s(MZ) is going to be modified
 Old value of alpha_s from param_card:   0.11799999999999999     
  ****************************************
 
       NNPDFDriver version 1.0.3
   Grid: NNPDF23_lo_as_0130_qed_mem0.grid
  ****************************************
 New value of alpha_s from PDF nn23lo1:  0.13000000000000000     
 Define smin to   10000.000000000000     
 *****************************************************
 *               MadGraph/MadEvent                   *
 *        --------------------------------           *
 *          http://madgraph.hep.uiuc.edu             *
 *          http://madgraph.phys.ucl.ac.be           *
 *          http://madgraph.roma2.infn.it            *
 *        --------------------------------           *
 *                                                   *
 *          PARAMETER AND COUPLING VALUES            *
 *                                                   *
 *****************************************************

  External Params
  ---------------------------------
  
 aEWM1 =    132.50700000000001     
 mdl_Gf =    1.1663900000000000E-005
 aS =   0.11799999999999999     
 mdl_ymt =    173.00000000000000     
 mdl_ymtau =    1.7769999999999999     
 mdl_MZ =    91.188000000000002     
 mdl_MT =    173.00000000000000     
 mdl_MH =    125.00000000000000     
 mdl_MTA =    1.7769999999999999     
 mdl_WZ =    2.4414039999999999     
 mdl_WW =    2.0476000000000001     
 mdl_WT =    1.4915000000000000     
 mdl_WH =    6.3823389999999999E-003
  Internal Params
  ---------------------------------
  
 mdl_conjg__CKM3x3 =    1.0000000000000000     
 mdl_CKM3x3 =    1.0000000000000000     
 mdl_conjg__CKM1x1 =    1.0000000000000000     
 mdl_complexi =                (0.0000000000000000,1.0000000000000000)
 mdl_MZ__exp__2 =    8315.2513440000002     
 mdl_MZ__exp__4 =    69143404.913893804     
 mdl_sqrt__2 =    1.4142135623730951     
 mdl_MH__exp__2 =    15625.000000000000     
 mdl_aEW =    7.5467711139788835E-003
 mdl_MW =    80.419002445756163     
 mdl_sqrt__aEW =    8.6872153846781555E-002
 mdl_ee =   0.30795376724436879     
 mdl_MW__exp__2 =    6467.2159543705357     
 mdl_sw2 =   0.22224648578577766     
 mdl_cw =   0.88190334743339216     
 mdl_sqrt__sw2 =   0.47143025548407230     
 mdl_sw =   0.47143025548407230     
 mdl_g1 =   0.34919219678733299     
 mdl_gw =   0.65323293034757990     
 mdl_vev =    246.21845810181637     
 mdl_vev__exp__2 =    60623.529110035903     
 mdl_lam =   0.12886910601690263     
 mdl_yt =   0.99366614581500623     
 mdl_ytau =    1.0206617000654717E-002
 mdl_muH =    88.388347648318430     
 mdl_I2x33 =               (0.99366614581500623,0.0000000000000000)
 mdl_I3x33 =               (0.99366614581500623,0.0000000000000000)
 mdl_ee__exp__2 =    9.4835522759998875E-002
 mdl_sw__exp__2 =   0.22224648578577769     
 mdl_cw__exp__2 =   0.77775351421422245     
  Internal Params evaluated point by point
  ----------------------------------------
  
 mdl_sqrt__aS =   0.34351128074635334     
 mdl_G__exp__2 =    1.4828317324943823     
  Couplings of sm-no_b_mass
  ---------------------------------
  
        GC_10 =  -0.12177E+01   0.00000E+00
        GC_11 =   0.00000E+00   0.12177E+01
        GC_12 =   0.00000E+00   0.14828E+01

 Collider parameters:
 --------------------

 Running at P P   machine @    7000.0000000000000       GeV
 PDF set = nn23lo1
 alpha_s(Mz)= 0.1300 running at 2 loops.
 alpha_s(Mz)= 0.1300 running at 2 loops.
 Renormalization scale set on event-by-event basis
 Factorization   scale set on event-by-event basis


 getting user params
Enter number of events and max and min iterations: 
 Number of events and iterations         1000           5           3
Enter desired fractional accuracy: 
 Desired fractional accuracy:   0.10000000000000001     
Enter 0 for fixed, 2 for adjustable grid: 
Suppress amplitude (0 no, 1 yes)? 
 Using suppressed amplitude.
Exact helicity sum (0 yes, n = number/event)? 
 Explicitly summing over helicities
Enter Configuration Number: 
Running Configuration Number:    1
 Not subdividing B.W.
 Attempting mappinvarients           1           5
 Completed mapping           5
 about to integrate            7        1000           5           3           7           1
 Using non-zero grid deformation.
  7 dimensions   1000 events  7 invarients  5 iterations  1 config(s),  (0.99)
 Using h-tuple random number sequence.
 Error opening grid
 Using Uniform Grid!          20
 Using uniform alpha   1.0000000000000000     
 Grid defined OK
 Set CM energy to       7000.00
 Mapping Graph           1  to config           1
Setting grid   1    0.18367E-04   1
Setting grid   2    0.18367E-04   1
 Transforming s_hat 1/s            6   2.0408163265306126E-004   10000.000000000000        48999999.999999993     
   1   1   2   3   4   5   6   7
 Masses: 0.000E+00 0.000E+00 0.000E+00 0.000E+00 0.000E+00
Using random seed offsets     1 :      4
  with seed                   60
 Ranmar initialization seeds       14781        9439
 
 ********************************************
 * You are using the DiscreteSampler module *
 *      part of the MG5_aMC framework       *
 *         Author: Valentin Hirschi         *
 ********************************************
 
  Particle       3       4       5
      Et >    20.0    20.0    20.0
       E >     0.0     0.0     0.0
     Eta <     5.0     5.0     5.0
   xqcut:     30.0    30.0    30.0
d R # 3  >    -0.0     0.0     0.0
d R # 4  >    -0.0    -0.0     0.0
s min # 3>     0.0     0.0     0.0
s min # 4>     0.0     0.0     0.0
xqcutij # 3>     0.0    30.0    30.0
xqcutij # 4>    30.0     0.0    30.0
 alpha_s for scale    49.334733813748230       is   0.14489631511543588     
 Added good helicity            2   2.8458266373512328E-002  in event            1 local:           1
 Added good helicity            3  0.98372750261885089       in event            1 local:           1
 Added good helicity            4   6.7864945072396904E-002  in event            1 local:           1
 Added good helicity            5   7.0746802906148369       in event            1 local:           1
 Added good helicity            6   6.7328522942723144       in event            1 local:           1
 Added good helicity            7   1.1124167010480854       in event            1 local:           1
 Added good helicity           26   1.1124167010480854       in event            1 local:           1
 Added good helicity           27   6.7328522942723144       in event            1 local:           1
 Added good helicity           28   7.0746802906148369       in event            1 local:           1
 Added good helicity           29   6.7864945072396904E-002  in event            1 local:           1
 Added good helicity           30  0.98372750261885089       in event            1 local:           1
 Added good helicity           31   2.8458266373512328E-002  in event            1 local:           1
 Added good helicity            2   2.8458266373512328E-002  in event            1 local:           1
 Added good helicity            3  0.98372750261885089       in event            1 local:           1
 Added good helicity            4   6.7864945072396904E-002  in event            1 local:           1
 Added good helicity            5   7.0746802906148369       in event            1 local:           1
 Added good helicity            6   6.7328522942723144       in event            1 local:           1
 Added good helicity            7   1.1124167010480854       in event            1 local:           1
 Added good helicity           26   1.1124167010480854       in event            1 local:           1
 Added good helicity           27   6.7328522942723144       in event            1 local:           1
 Added good helicity           28   7.0746802906148369       in event            1 local:           1
 Added good helicity           29   6.7864945072396904E-002  in event            1 local:           1
 Added good helicity           30  0.98372750261885089       in event            1 local:           1
 Added good helicity           31   2.8458266373512328E-002  in event            1 local:           1
 RESET CUMULATIVE VARIABLE
 RESET CUMULATIVE VARIABLE
 RESET CUMULATIVE VARIABLE
 Iteration  1   Mean: 0.2413E+03 Abs mean: 0.2413E+03   Fluctuation:  0.142E+02   0.355E+04     9.0%
  1    0.2413E+03 0.2413E+03 +- 0.1416E+02      1.86
 Writing out events  0.53689205570492105        1.8557762154122781     
 Relative summed weights:
  0.1640E+00  0.1698E+00
  0.1867E+00  0.1735E+00
  0.1503E+00  0.1556E+00
 Relative number of events:
  0.1536E+00  0.2012E+00
  0.1645E+00  0.1814E+00
  0.1516E+00  0.1477E+00
 Events:
         155         203
         166         183
         153         149
 Iteration  2   Mean: 0.2473E+03 Abs mean: 0.2473E+03   Fluctuation:  0.753E+01   0.212E+04    14.2%
  2    0.2473E+03 0.2473E+03 +- 0.7532E+01      1.36
 Relative summed weights:
  0.1820E+00  0.1539E+00
  0.1718E+00  0.1772E+00
  0.1534E+00  0.1617E+00
 Relative number of events:
  0.1656E+00  0.1616E+00
  0.1591E+00  0.1721E+00
  0.1691E+00  0.1726E+00
 Events:
         331         323
         318         344
         338         345
 Iteration  3   Mean: 0.2506E+03 Abs mean: 0.2506E+03   Fluctuation:  0.476E+01   0.127E+04    14.6%
  3    0.2506E+03 0.2506E+03 +- 0.4759E+01      1.20
 Relative summed weights:
  0.1695E+00  0.1713E+00
  0.1688E+00  0.1685E+00
  0.1583E+00  0.1635E+00
 Relative number of events:
  0.1658E+00  0.1703E+00
  0.1673E+00  0.1675E+00
  0.1650E+00  0.1643E+00
 Events:
         663         681
         669         670
         660         657
 Accuracy:    0.007   0.100   0.016   0.221
 Finished due to accuracy    7.3022152122305907E-003  0.10000000000000001     

 -------------------------------------------------------------------------------
 Accumulated results:   Integral =  0.2491E+03
                        Std dev  =  0.3871E+01
                       Cross sec =  0.2491E+03
             Chi**2 per DoF.     =      0.2208
 -------------------------------------------------------------------------------
 Found         2422  events.
 Wrote         1443  events.
 Actual xsec    249.10854002962498     
 Correct abs xsec    249.10854003839054     
 Event xsec    249.10854003837886     
 Events wgts > 1:           98
 % Cross section > 1:    2.4962571016974007        1.0020760835067377     
-------------------------------------------------
---------------------------
 Results Last   3 iters: Integral =   0.2491E+03
                     Abs integral =   0.2491E+03
                          Std dev =   0.3871E+01
                  Chi**2 per DoF. =      0.2300
-------------------------------------------------
---------------------------
 Status  0.10000000000000001                4           5

ls status:
events.lhe
ftn26
input_app.txt
results.dat
run1_app.log
run_01_0_log.txt
run_02_0_log.txt
run_03_0_log.txt
run_04_0_log.txt
